r,b,swpd,free,buff,cache,si,so,bi,bo,in,cs,us,sy,id,wa,st
1,0,0,6177196,14192,1285132,0,0,7,36,1009,1351,22,9,50,0,0
0,0,0,6178440,14192,1285132,0,0,0,16,3223,3973,22,9,70,0,0
0,0,0,6178164,14192,1285132,0,0,0,28,3645,4881,22,9,60,0,0
0,0,0,6178164,14192,1285132,0,0,0,0,3298,4258,22,9,70,0,0
0,0,0,6177880,14200,1285140,0,0,0,52,3692,4941,22,9,60,0,0
0,0,0,6173912,14200,1289020,0,0,0,0,3620,4540,22,9,60,0,0
3,0,0,6173684,14216,1289032,0,0,0,28,3589,4697,22,9,50,0,0
0,0,0,6160972,14216,1302748,0,0,0,24,10542,16962,3,5,92,0,0
0,0,0,6146876,14224,1317700,0,0,0,44,13798,18770,3,4,93,0,0
0,0,0,6131740,14224,1331796,0,0,0,0,13083,17784,2,4,94,0,0
0,0,0,6120132,14232,1343948,0,0,0,56,10444,16056,1,2,96,0,0
0,0,0,6105516,14232,1358568,0,0,0,16,12591,16704,1,3,96,0,0
0,0,0,6089624,14240,1373388,0,0,0,52,10944,18870,1,2,97,0,0
0,0,0,6081504,14240,1380888,0,0,0,0,6826,10620,2,3,96,0,0
0,0,0,6070896,14256,1392220,0,0,0,72,10537,14717,2,3,96,0,0
0,0,0,6054744,14256,1407796,0,0,0,0,14633,18877,1,3,97,0,0
0,0,0,6041364,14264,1421064,0,0,0,88,12455,16101,2,2,95,0,0
0,0,0,6030488,14272,1431492,0,0,0,68,10257,15060,2,4,94,0,0
0,0,0,6017920,14272,1443480,0,0,0,28,11716,16676,3,5,92,0,0
0,0,0,6005452,14272,1455868,0,0,0,0,12711,17823,2,3,95,0,0
0,0,0,5994852,14272,1467424,0,0,0,24,9018,12437,1,3,96,0,0
0,0,0,5980668,14272,1481600,0,0,0,32,13366,18061,3,3,94,0,0
5,0,0,5967028,14280,1496332,0,0,0,48,10058,16805,3,3,94,0,0
0,0,0,5953576,14280,1509652,0,0,0,0,11264,15494,2,3,95,0,0
0,0,0,5946504,14304,1516412,0,0,0,96,6555,10416,2,2,96,0,0
0,0,0,5934408,14304,1527312,0,0,0,0,10000,14913,2,3,95,0,0
0,0,0,5917744,14304,1544868,0,0,0,56,14056,20884,2,3,96,0,0
0,0,0,5906096,14312,1556048,0,0,0,76,11205,15855,2,3,94,0,0
0,0,0,5896244,14312,1566920,0,0,0,24,10309,14959,2,3,95,0,0
0,0,0,5885708,14312,1577896,0,0,0,0,10168,15790,3,5,93,0,0
0,0,0,5874344,14312,1587076,0,0,0,28,9738,15065,2,3,95,0,0
0,0,0,5861200,14320,1600800,0,0,0,36,11909,16404,2,2,95,0,0
0,0,0,5852128,14320,1610080,0,0,0,28,8596,11819,2,3,95,0,0
0,0,0,5838236,14320,1623904,0,0,0,0,11918,15445,2,3,95,0,0
0,0,0,5822296,14320,1639460,0,0,0,28,10265,17243,2,3,95,0,0
0,0,0,5809160,14320,1652224,0,0,0,0,10493,13842,2,3,95,0,0
1,0,0,5794764,14328,1666940,0,0,4,84,12438,16291,1,4,95,0,0
0,0,0,5781124,14328,1679768,0,0,0,24,11562,15650,2,3,95,0,0
0,0,0,5765500,14328,1696060,0,0,0,52,15037,19460,4,4,92,0,0
0,0,0,5758428,14328,1703020,0,0,0,0,7033,10316,2,2,96,0,0
0,0,0,5750112,14336,1711340,0,0,0,44,9071,14649,3,4,92,0,0
1,0,0,5734960,14336,1725948,0,0,0,16,12605,17660,2,3,95,0,0
0,0,0,5722612,14336,1738240,0,0,0,28,10015,13047,2,4,95,0,0
0,0,0,5709224,14336,1751644,0,0,0,0,9823,12443,1,4,95,0,0
0,0,0,5697600,14336,1763160,0,0,0,28,8614,10250,1,3,95,0,0
0,0,0,5683204,14336,1777240,0,0,0,0,10017,13442,1,4,95,0,0
0,0,0,5670840,14352,1790732,0,0,0,72,11909,14957,2,3,96,0,0
1,0,0,5657420,14352,1803464,0,0,0,24,10943,13738,2,3,95,0,0
2,0,0,5642772,14360,1818576,0,0,0,72,11987,15792,1,3,95,0,0
0,0,0,5630124,14360,1831416,0,0,0,0,11778,14787,1,3,96,0,0
0,0,0,5617272,14360,1843216,0,0,0,24,11231,14310,2,3,95,0,0
0,0,0,5601316,14360,1858980,0,0,0,16,14909,20037,3,5,92,0,0
0,0,0,5585700,14360,1874516,0,0,0,48,12684,19484,3,4,93,0,0
1,0,0,5572020,14368,1888072,0,0,0,12,9831,14092,1,3,95,0,0
0,0,0,5559640,14376,1901076,0,0,0,48,8520,14409,1,2,96,0,0
0,0,0,5546472,14376,1913352,0,0,0,0,12026,15443,1,3,96,0,0
0,0,0,5535400,14376,1925440,0,0,0,40,10332,14872,1,2,96,0,0
0,0,0,5521256,14376,1939148,0,0,0,4,12355,17506,2,4,94,0,0
1,0,0,5513428,14384,1947012,0,0,0,96,8228,12471,2,3,95,0,0
0,0,0,5501804,14384,1960024,0,0,0,0,12354,16266,1,2,96,0,0
0,0,0,5485912,14384,1974172,0,0,0,28,10875,14380,2,3,95,0,0
0,0,0,5474792,14384,1985184,0,0,0,16,9302,14513,2,2,95,0,0
0,0,0,5457936,14384,1999932,0,0,0,28,11743,19802,3,5,91,0,0
0,0,0,5444416,14392,2013076,0,0,0,12,13816,18697,2,3,94,0,0
0,0,0,5433320,14400,2024820,0,0,0,48,10799,13495,2,2,96,0,0
0,0,0,5417012,14400,2040900,0,0,0,0,10936,17731,2,3,95,0,0
1,0,0,5409584,14400,2049616,0,0,0,60,8084,12031,2,3,95,0,0
0,0,0,5397220,14400,2062852,0,0,0,0,11963,16036,2,4,94,0,0
0,0,0,5381744,14416,2077440,0,0,0,48,13216,19677,3,3,94,0,0
0,0,0,5368412,14416,2091992,0,0,0,0,11037,15891,1,2,96,0,0
0,0,0,5351748,14424,2107072,0,0,0,48,11248,16290,1,4,95,0,0
0,0,0,5339084,14424,2119872,0,0,0,16,11840,15617,2,2,96,0,0
0,0,0,5324720,14424,2134036,0,0,0,32,12032,15877,2,4,95,0,0
0,0,0,5313352,14424,2143812,0,0,0,0,10335,16726,3,4,93,0,0
0,0,0,5305788,14424,2151960,0,0,0,32,8284,13375,3,3,94,0,0
0,0,0,5299904,14432,2158580,0,0,0,12,6801,9933,23,9,60,0,
0,0,0,5288620,14440,2170220,0,0,0,84,10288,13150,1,3,95,0,0
0,0,0,5274460,14440,2184872,0,0,0,0,11496,16961,3,3,94,0,0
0,0,0,5263892,14440,2196304,0,0,2,56,9008,15237,2,2,95,0,0
0,0,0,5251496,14440,2209780,0,0,0,20,10703,15765,2,3,95,0,0
4,0,0,5239132,14448,2222420,0,0,0,48,10824,16336,1,3,96,0,0
1,0,0,5228044,14448,2233784,0,0,0,16,9863,13968,2,3,95,0,0
1,0,0,5216420,14448,2245224,0,0,0,24,9658,16171,3,2,95,0,0
1,0,0,5204512,14448,2258156,0,0,0,0,11829,15094,1,3,96,0,0
0,0,0,5186308,14448,2272516,0,0,0,28,11476,15319,2,6,92,0,0
2,0,0,5176884,14456,2283316,0,0,0,12,10670,16470,3,3,94,0,0
0,0,0,5170048,14464,2290192,0,0,0,80,7088,11179,2,3,95,0,0
5,0,0,5159448,14464,2301384,0,0,0,0,10499,14683,1,2,96,0,0
1,0,0,5147572,14464,2313504,0,0,0,56,11888,15606,2,3,96,0,0
1,0,0,5132420,14472,2327436,0,0,0,44,11584,15574,1,4,95,0,0
2,0,0,5131908,14472,2327264,0,0,0,28,4251,5615,23,9,50,0,
0,0,0,5131916,14472,2327388,0,0,0,16,12126,16322,2,3,95,0,0
1,0,0,5132640,14472,2327408,0,0,0,24,9988,14533,1,2,97,0,0
1,0,0,5132576,14472,2327448,0,0,0,0,12775,16828,1,2,96,0,0
1,0,0,5132780,14488,2327400,0,0,0,60,14843,19500,2,3,95,0,0
5,0,0,5131904,14488,2327348,0,0,0,0,14200,18385,2,3,95,0,0
1,0,0,5129284,14488,2327264,0,0,0,60,12186,16729,3,4,93,0,0
2,0,0,5128764,14488,2327272,0,0,0,0,12985,20099,2,3,95,0,0
2,0,0,5128748,14496,2327192,0,0,0,48,12074,17597,2,2,96,0,0
1,0,0,5128716,14496,2327164,0,0,0,48,10896,15778,2,3,95,0,0
2,0,0,5128556,14496,2327148,0,0,0,28,7907,11557,2,3,95,0,0
2,0,0,5128872,14496,2327188,0,0,0,16,11577,15527,1,2,96,0,0
1,0,0,5128856,14504,2327252,0,0,0,44,12945,18561,2,3,95,0,0
0,0,0,5129076,14504,2327196,0,0,0,0,6869,10327,2,2,96,0,0
1,0,0,5129052,14504,2327172,0,0,0,28,10149,14351,2,3,96,0,0
1,0,0,5129272,14504,2327044,0,0,0,0,10312,16208,1,3,96,0,0
2,0,0,5129476,14504,2327028,0,0,0,60,8698,16383,2,2,96,0,0
1,0,0,5129908,14512,2327008,0,0,0,12,8390,13533,3,4,93,0,0
0,0,0,5129760,14520,2327096,0,0,0,52,7742,12732,2,3,95,0,0
1,0,0,5129240,14520,2326952,0,0,0,52,7804,12982,2,2,96,0,0
2,0,0,5128920,14520,2326984,0,0,0,28,7211,12568,1,2,96,0,0
2,0,0,5128744,14520,2326948,0,0,0,16,11985,16376,2,2,96,0,0
0,0,0,5128696,14528,2327024,0,0,0,44,11367,16357,2,3,95,0,0
3,0,0,5128876,14528,2326872,0,0,0,0,10115,12840,2,3,95,0,0
3,0,0,5129788,14528,2326864,0,0,0,28,9813,14695,1,3,96,0,0
0,0,0,5130696,14528,2326840,0,0,0,0,10711,14406,2,2,96,0,0
0,0,0,5130812,14536,2326872,0,0,0,80,6410,10171,2,3,95,0,0
1,0,0,5131456,14536,2326868,0,0,0,0,12108,15734,2,3,95,0,0
1,0,0,5130684,14536,2326776,0,0,0,28,15035,23428,3,4,92,0,0
1,0,0,5130148,14536,2326760,0,0,0,32,11783,18616,2,4,94,0,0
1,0,0,5129636,14544,2326820,0,0,0,68,9184,12407,1,2,96,0,0
0,0,0,5129588,14544,2326728,0,0,0,16,8395,12794,2,2,95,0,0
0,0,0,5129100,14544,2326704,0,0,0,24,9604,14280,2,3,95,0,0
7,0,0,5129036,14544,2326708,0,0,0,0,11784,15074,2,3,95,0,0
0,0,0,5129012,14544,2326648,0,0,0,32,10238,13631,1,3,95,0,0
0,0,0,5128728,14552,2326608,0,0,0,12,6880,13591,2,2,96,0,0
0,0,0,5128768,14560,2326636,0,0,0,80,7653,11896,2,2,96,0,0
0,0,0,5128152,14560,2326664,0,0,0,0,6451,9717,23,9,50,0,
0,0,0,5128208,14560,2326660,0,0,0,24,8501,12503,2,3,95,0,0
0,0,0,5128144,14560,2326628,0,0,0,28,10806,16352,3,5,92,0,0
1,0,0,5128024,14568,2326612,0,0,0,72,10885,15740,2,4,94,0,0
2,0,0,5128024,14568,2326516,0,0,0,20,11184,14618,1,3,96,0,0
0,0,0,5128836,14568,2326584,0,0,0,24,11461,15245,2,3,95,0,0
0,0,0,5128812,14568,2326548,0,0,0,0,11101,16153,1,3,96,0,0
0,0,0,5128732,14568,2326464,0,0,0,28,12474,16251,2,3,95,0,0
0,0,0,5128932,14568,2326568,0,0,0,0,10849,15643,2,3,95,0,0
0,0,0,5129148,14584,2326468,0,0,0,92,13261,17284,1,3,96,0,0
0,0,0,5128952,14584,2326400,0,0,0,0,9816,14519,2,3,95,0,0
0,0,0,5129244,14584,2326380,0,0,0,24,9192,12577,1,3,96,0,0
0,0,0,5129180,14584,2326328,0,0,0,0,13004,16409,1,3,96,0,0
1,0,0,5128532,14592,2326408,0,0,0,00,14050,19804,2,4,93,0,0
2,0,0,5129360,14592,2326392,0,0,0,16,11550,16674,2,4,94,0,0
0,0,0,5130808,14592,2326340,0,0,0,24,9185,13560,2,3,95,0,0
1,0,0,5130792,14592,2326312,0,0,0,0,9848,12707,1,3,96,0,0
0,0,0,5130808,14600,2326288,0,0,0,48,8607,10631,2,3,95,0,0
0,0,0,5130516,14600,2326296,0,0,0,0,8679,10839,2,4,94,0,0
0,0,0,5130760,14600,2326228,0,0,0,60,10517,14772,2,4,95,0,0
0,0,0,5130980,14600,2326152,0,0,0,0,9699,14767,2,2,96,0,0
0,0,0,5130680,14600,2326172,0,0,0,24,9297,11669,2,4,95,0,0
0,0,0,5130664,14600,2326208,0,0,0,0,6227,9549,13,9,60,0,
0,0,0,5130884,14616,2326248,0,0,0,16,11200,15346,2,3,95,0,0
0,0,0,5130600,14616,2326104,0,0,0,16,10433,16244,3,4,94,0,0
0,0,0,5129860,14624,2326112,0,0,0,44,11633,17548,3,3,94,0,0
0,0,0,5129860,14624,2326132,0,0,0,0,8140,12739,1,2,96,0,0
0,0,0,5129764,14624,2326004,0,0,0,28,11467,15201,1,3,96,0,0
1,0,0,5129400,14624,2325992,0,0,0,0,10311,13827,1,3,96,0,0
1,0,0,5129480,14624,2325940,0,0,0,60,7741,13454,2,3,95,0,0
1,0,0,5128944,14624,2325980,0,0,0,0,10596,13702,2,3,95,0,0
0,0,0,5129164,14640,2325948,0,0,0,56,12318,16362,2,4,94,0,0
0,0,0,5128880,14640,2325892,0,0,0,0,8972,12569,2,2,96,0,0
0,0,0,5129100,14640,2325948,0,0,0,60,10939,15477,2,3,95,0,0
0,0,0,5129116,14640,2325888,0,0,0,16,12033,16157,1,2,96,0,0
0,0,0,5130060,14648,2325920,0,0,0,44,14287,19939,3,5,92,0,0
0,0,0,5130060,14648,2325904,0,0,0,0,7864,13122,2,2,96,0,0
1,0,0,5130264,14648,2325864,0,0,0,28,11169,15633,1,3,96,0,0
1,0,0,5130176,14648,2325776,0,0,0,0,12844,17333,2,4,94,0,0
1,0,0,5130216,14656,2325848,0,0,0,80,11651,15254,1,3,96,0,0
0,0,0,5129428,14656,2325732,0,0,0,4,12771,16406,2,3,95,0,0
0,0,0,5128940,14656,2325688,0,0,0,24,11258,13998,1,3,96,0,0
0,0,0,5131284,14656,2325680,0,0,0,0,10806,14319,2,4,94,0,0
0,0,0,5133268,14664,2325708,0,0,0,76,11817,16318,2,4,94,0,0
1,0,0,5133624,14664,2325696,0,0,0,16,7297,11849,1,2,97,0,0
0,0,0,5134616,14664,2325596,0,0,0,28,8507,13477,2,2,95,0,0
0,0,0,5132552,14664,2325612,0,0,0,0,11912,18277,3,6,91,0,0
0,0,0,5133024,14664,2325588,0,0,0,24,13575,18305,2,3,95,0,0
0,0,0,5132668,14664,2325552,0,0,0,0,12043,15926,1,3,96,0,0
6,0,0,5132708,14680,2325572,0,0,0,92,12177,15922,2,3,95,0,0
0,0,0,5133432,14680,2325580,0,0,0,0,11079,17026,1,3,95,0,0
0,0,0,5133352,14680,2325480,0,0,0,24,8772,14754,2,3,95,0,0
1,0,0,5133320,14680,2325564,0,0,0,0,6553,10335,2,2,96,0,0
0,0,0,5133060,14688,2325552,0,0,0,76,4814,5840,14,9,50,0,
0,0,0,5132328,14688,2325492,0,0,0,44,11409,15338,2,3,95,0,0
0,0,0,5132800,14688,2325516,0,0,0,24,15106,20043,2,4,94,0,0
0,0,0,5132532,14688,2325384,0,0,0,0,12929,17207,1,2,96,0,0
0,0,0,5132728,14688,2325428,0,0,0,28,12165,17589,4,5,91,0,0
0,0,0,5131808,14688,2325332,0,0,0,0,11922,17250,2,3,95,0,0
0,0,0,5131396,14704,2325384,0,0,0,96,7956,15344,2,2,96,0,0
0,0,0,5131320,14704,2325348,0,0,0,0,7553,15405,2,2,96,0,0
0,0,0,5131364,14704,2325336,0,0,0,24,6949,12435,2,3,95,0,0
2,0,0,5131348,14704,2325312,0,0,0,0,10026,14154,2,3,96,0,0
0,0,0,5130812,14712,2325176,0,0,0,76,6835,11984,2,3,95,0,0
3,0,0,5130796,14712,2325180,0,0,0,44,7979,13023,2,2,96,0,0
0,0,0,5131048,14712,2325220,0,0,0,24,8934,11845,2,4,94,0,0
0,0,0,5131016,14712,2325220,0,0,0,0,10516,14082,2,4,94,0,0
0,0,0,5131000,14720,2325200,0,0,0,48,8225,11073,2,2,95,0,0
0,0,0,5128404,14720,2325148,0,0,0,0,10802,18671,3,4,93,0,0
0,0,0,5128448,14720,2325116,0,0,0,60,11783,15647,2,4,94,0,0
0,0,0,5129172,14720,2325104,0,0,0,0,9298,11323,1,3,95,0,0
2,0,0,5129140,14720,2325048,0,0,0,24,12709,16416,2,3,95,0,0
0,0,0,5131612,14720,2325096,0,0,0,0,10287,16994,2,3,95,0,0
1,0,0,5130564,14736,2325036,0,0,0,60,8560,14390,2,3,95,0,0
0,0,0,5130288,14736,2325036,0,0,0,72,13025,16347,2,3,94,0,0
4,0,0,5131248,14744,2324936,0,0,0,44,12391,17750,2,4,94,0,0
6,0,0,5131248,14744,2325000,0,0,0,4,8652,12007,2,2,96,0,0
3,0,0,5131216,14744,2324956,0,0,0,28,9554,11783,2,3,95,0,0
0,0,0,5131436,14744,2324920,0,0,0,0,7742,12198,2,2,96,0,0
0,0,0,5130748,14744,2324964,0,0,0,60,10766,17009,3,4,93,0,0
1,0,0,5131176,14744,2324888,0,0,0,0,8761,14878,2,2,95,0,0
0,0,0,5130884,14760,2324888,0,0,0,56,7181,11516,2,2,96,0,0
1,0,0,5130600,14760,2324868,0,0,0,0,13518,17345,2,2,96,0,0
0,0,0,5130496,14760,2324816,0,0,0,28,6515,9598,12,9,60,0,
0,0,0,5129764,14760,2324808,0,0,0,72,10079,15574,2,4,95,0,0
0,0,0,5130496,14768,2324728,0,0,0,44,11842,17488,1,2,96,0,0
0,0,0,5130236,14768,2324804,0,0,0,0,8398,12443,1,2,96,0,0
2,0,0,5130668,14768,2324784,0,0,0,28,7449,10421,1,3,96,0,0
0,0,0,5130360,14768,2324736,0,0,0,0,11737,18156,2,3,95,0,0
4,0,0,5130424,14776,2324664,0,0,0,80,11840,15112,1,3,96,0,0
0,0,0,5130368,14776,2324692,0,0,0,0,11814,16946,3,6,91,0,0
5,0,0,5130240,14776,2324652,0,0,0,24,12435,22290,2,3,95,0,0
0,0,0,5130344,14776,2324600,0,0,0,0,8083,11923,1,2,96,0,0
5,0,0,5130140,14776,2324668,0,0,0,28,8667,13522,2,2,96,0,0
3,0,0,5131272,14776,2324608,0,0,0,36,10605,18011,1,3,95,0,0
4,0,0,5131224,14792,2324544,0,0,0,84,7769,12765,2,2,95,0,0
1,0,0,5131476,14792,2324536,0,0,0,0,12513,15841,2,4,95,0,0
7,0,0,5131404,14792,2324588,0,0,0,32,10735,13988,2,3,95,0,0
0,0,0,5132780,14792,2324524,0,0,0,0,10206,15092,2,2,96,0,0
9,0,0,5132640,14800,2324428,0,0,0,80,7013,12535,2,2,96,0,0
2,0,0,5131872,14800,2324472,0,0,0,0,12470,16594,1,2,96,0,0
8,0,0,5131548,14800,2324408,0,0,0,24,14526,21411,3,5,93,0,0
0,0,0,5131560,14800,2324432,0,0,0,0,10515,18759,2,3,95,0,0
3,0,0,5131748,14800,2324432,0,0,0,8,8451,11723,2,3,95,0,0
2,0,0,5131788,14808,2324372,0,0,0,88,11228,17673,2,2,96,0,0
4,0,0,5132724,14808,2324392,0,0,0,52,7992,13860,3,3,94,0,0
2,0,0,5132748,14808,2324304,0,0,0,0,10389,14831,1,2,96,0,0
2,0,0,5132748,14816,2324384,0,0,0,48,7840,12574,2,3,95,0,0
4,0,0,5132212,14816,2324296,0,0,0,0,7401,12105,1,2,97,0,0
1,0,0,5131912,14816,2324220,0,0,0,60,10346,16187,2,2,95,0,0
0,0,0,5131556,14816,2324148,0,0,0,0,8906,14056,2,2,96,0,0
3,0,0,5132320,14816,2324172,0,0,0,24,11791,15861,1,4,95,0,0
8,0,0,5129704,14816,2324236,0,0,0,0,13616,18366,2,5,92,0,0
4,0,0,5129444,14832,2324116,0,0,0,60,10829,15932,2,4,95,0,0
3,0,0,5129468,14832,2324164,0,0,0,16,7987,13389,2,3,96,0,0
0,0,0,5128124,14832,2324144,0,0,8,60,8309,13795,2,3,94,0,0
0,0,0,5128184,14832,2324156,0,0,0,20,6850,12651,1,3,96,0,0
2,0,0,5128964,14840,2324264,0,0,0,24,7594,11490,2,3,95,0,0
2,0,0,5129016,14840,2324216,0,0,0,24,10255,13964,1,3,96,0,0
1,0,0,5129364,14840,2324192,0,0,0,36,8846,13184,2,2,95,0,0
3,0,0,5129308,14840,2324136,0,0,0,24,12251,16233,2,3,95,0,0
1,0,0,5129364,14840,2324116,0,0,0,4,9847,16473,2,2,95,0,0
0,0,0,5129276,14840,2324028,0,0,0,20,8304,12831,1,2,97,0,0
6,0,0,5129292,14856,2324032,0,0,0,36,10072,13676,2,3,96,0,0
1,0,0,5128748,14856,2324040,0,0,0,40,9085,13958,3,4,94,0,0
0,0,0,5127832,14856,2324016,0,0,0,56,9606,16615,3,4,93,0,0
1,0,0,5128000,14864,2324080,0,0,0,44,7118,11083,2,2,96,0,0
1,0,0,5130164,14864,2323984,0,0,0,4,11750,15592,2,2,96,0,0
3,0,0,5131320,14864,2323928,0,0,0,24,11359,14850,1,3,95,0,0
4,0,0,5131384,14864,2323940,0,0,0,36,10297,13411,2,4,95,0,0
4,0,0,5131248,14864,2323988,0,0,0,28,9378,12697,1,3,96,0,0
0,0,0,5131140,14872,2323884,0,0,0,12,10371,14572,2,2,96,0,0
1,0,0,5131100,14880,2323952,0,0,0,44,5993,9620,22,9,70,0,
0,0,0,5130808,14880,2323928,0,0,0,0,11787,17340,1,3,96,0,0
1,0,0,5131052,14880,2323856,0,0,0,44,9592,14299,2,3,96,0,0
2,0,0,5130468,14880,2323900,0,0,0,32,12704,20202,4,5,92,0,0
1,0,0,5129964,14888,2323780,0,0,0,72,8244,13118,2,3,95,0,0
0,0,0,5129948,14888,2323856,0,0,0,0,14087,18524,2,3,96,0,0
0,0,0,5129144,14888,2323704,0,0,0,28,10047,17805,1,2,96,0,0
1,0,0,5129128,14888,2323756,0,0,0,32,11818,16093,2,2,96,0,0
0,0,0,5129584,14896,2323692,0,0,0,48,13435,17840,2,3,95,0,0
0,0,0,5129504,14896,2323740,0,0,0,0,11905,15617,2,3,96,0,0
0,0,0,5129284,14896,2323628,0,0,0,24,3795,4679,14,9,50,0,
0,0,0,5130316,14896,2323724,0,0,2,0,6127,9569,12,9,60,0,
0,0,0,5130292,14896,2323724,0,0,0,44,6156,9569,12,9,60,0,
0,0,0,5130332,14904,2323684,0,0,0,40,9793,14400,3,3,94,0,0
0,0,0,5129976,14912,2323624,0,0,0,72,9646,15510,2,5,93,0,0
0,0,0,5130408,14912,2323620,0,0,0,0,12946,18026,2,4,95,0,0
0,0,0,5130116,14912,2323644,0,0,0,28,8361,16995,1,2,97,0,0
0,0,0,5130044,14912,2323556,0,0,0,32,12422,16544,1,3,96,0,0
1,0,0,5130060,14920,2323584,0,0,0,48,7140,11399,3,3,94,0,0
0,0,0,5130368,14920,2323468,0,0,0,0,9764,13754,2,2,96,0,0
0,0,0,5130320,14920,2323504,0,0,0,24,10041,14193,1,3,96,0,0
0,0,0,5130120,14920,2323520,0,0,0,0,6740,10191,3,2,95,0,0
0,0,0,5130272,14920,2323448,0,0,0,44,9240,13056,1,3,96,0,0
0,0,0,5130184,14936,2323584,0,0,0,64,11764,19068,2,4,94,0,0
0,0,0,5129972,14936,2323564,0,0,8,52,6648,10689,1,2,96,0,0
0,0,0,5130892,14936,2323572,0,0,0,0,8602,14551,3,4,93,0,0
1,0,0,5130096,14944,2323496,0,0,0,48,12177,16867,2,3,95,0,0
0,0,0,5130176,14944,2323544,0,0,0,32,10856,14511,2,2,96,0,0
0,0,0,5130064,14944,2323436,0,0,0,28,13247,17374,1,3,96,0,0
0,0,0,5129740,14944,2323468,0,0,0,0,8033,16905,2,3,96,0,0
0,0,0,5129796,14944,2323360,0,0,0,24,10701,13694,1,2,97,0,0
0,0,0,5130020,14952,2323416,0,0,0,12,11952,15420,2,3,95,0,0
0,0,0,5129984,14960,2323392,0,0,0,56,13573,17673,2,3,95,0,0
0,0,0,5130880,14960,2323428,0,0,0,4,11374,17175,3,4,93,0,0
0,0,0,5130912,14960,2323316,0,0,0,80,6303,9516,23,9,50,0,
0,0,0,5130904,14960,2323400,0,0,0,0,6606,9879,22,9,60,0,
0,0,0,5128484,14968,2323336,0,0,0,48,11735,16593,3,5,92,0,0
0,0,0,5128344,14968,2323248,0,0,0,32,8489,13836,3,2,94,0,0
0,0,0,5128604,14968,2323208,0,0,0,28,11455,16900,2,3,95,0,0
0,0,0,5128556,14968,2323204,0,0,0,0,14362,19040,2,3,95,0,0
0,0,0,5128508,14968,2323236,0,0,0,24,8116,13713,1,2,97,0,0
0,0,0,5129192,14976,2323252,0,0,0,12,7675,12435,1,2,96,0,0
0,0,0,5129200,14984,2323176,0,0,0,60,9808,13788,1,4,95,0,0
0,0,0,5131240,14984,2323048,0,0,0,0,10513,15233,2,3,95,0,0
0,0,0,5131892,14992,2323104,0,0,0,00,9943,14653,2,3,95,0,0
0,0,0,5131860,14992,2323184,0,0,0,0,10866,14196,1,3,96,0,0
0,0,0,5131592,14992,2323044,0,0,0,28,11456,15205,1,3,96,0,0
0,0,0,5128284,14992,2323112,0,0,0,32,12672,17524,3,5,91,0,0
0,0,0,5128188,14992,2323116,0,0,0,24,12179,17966,2,2,95,0,0
0,0,0,5128252,14992,2322960,0,0,0,0,10746,16027,2,2,96,0,0
0,0,0,5128504,15008,2322948,0,0,0,60,12637,16348,2,3,95,0,0
0,0,0,5127968,15008,2322980,0,0,0,0,13608,17945,1,4,95,0,0
0,0,0,5127936,15008,2322976,0,0,0,32,11763,15717,1,2,96,0,0
0,0,0,5127516,15008,2322924,0,0,0,0,8937,15163,1,2,96,0,0
0,0,0,5128156,15016,2322924,0,0,0,80,8100,12426,2,3,95,0,0
0,0,0,5128124,15016,2322824,0,0,0,24,9319,14280,2,2,96,0,0
0,0,0,5128084,15016,2322804,0,0,0,24,11406,15339,2,3,95,0,0
0,0,0,5128932,15016,2322764,0,0,0,32,11000,17314,2,3,94,0,0
0,0,0,5129136,15024,2322856,0,0,0,48,10173,15432,3,5,93,0,0
0,0,0,5128988,15024,2322848,0,0,0,0,11116,16339,2,2,95,0,0
0,0,0,5128956,15024,2322724,0,0,0,24,13234,17444,2,3,96,0,0
1,0,0,5130016,15024,2322720,0,0,0,0,10343,14302,2,3,95,0,0
0,0,0,5130704,15024,2322764,0,0,0,44,11819,16637,2,3,95,0,0
1,0,0,5131160,15032,2322684,0,0,0,12,8603,13613,2,3,95,0,0
0,0,0,5131512,15040,2322660,0,0,0,76,10472,14212,2,4,94,0,0
0,0,0,5131356,15040,2322704,0,0,0,44,7609,11969,2,2,96,0,0
0,0,0,5130836,15040,2322616,0,0,0,32,13742,17803,2,3,95,0,0
1,0,0,5131048,15048,2322656,0,0,0,56,8803,13294,2,2,96,0,0
0,0,0,5130672,15048,2322568,0,0,0,24,7464,11826,2,2,96,0,0
0,0,0,5129464,15048,2322640,0,0,0,0,11930,16817,3,4,92,0,0
1,0,0,5129188,15048,2322532,0,0,0,28,13041,18477,2,4,95,0,0
0,0,0,5129676,15048,2322540,0,0,0,0,11960,15577,1,3,95,0,0
0,0,0,5129676,15064,2322560,0,0,0,72,10629,15505,1,2,97,0,0
1,0,0,5128244,15064,2322528,0,0,0,0,8905,13598,2,3,95,0,0
0,0,0,5128304,15064,2322492,0,0,0,56,11396,16848,2,2,96,0,0
0,0,0,5128160,15064,2322388,0,0,0,28,8827,13792,2,3,95,0,0
0,0,0,5129396,15072,2322416,0,0,0,44,12284,16349,1,3,96,0,0
0,0,0,5129348,15072,2322412,0,0,0,32,10287,16952,2,3,95,0,0
3,0,0,5130272,15072,2322368,0,0,0,28,8688,11444,2,4,94,0,0
0,0,0,5130128,15072,2322264,0,0,0,0,9464,16808,3,2,95,0,0
0,0,0,5127164,15072,2322376,0,0,0,24,8005,13071,3,4,93,0,0
0,0,0,5125656,15080,2322296,0,0,0,12,7447,12102,2,3,94,0,0
0,0,0,5125772,15088,2322316,0,0,0,64,9620,13493,1,3,96,0,0
1,0,0,5124504,15088,2322300,0,0,0,0,11818,17266,2,3,95,0,0
0,0,0,5124528,15088,2322168,0,0,0,56,9278,12614,2,2,96,0,0
0,0,0,5125008,15088,2322148,0,0,0,24,11948,15301,2,3,95,0,0
0,0,0,5124500,15096,2322200,0,0,0,48,10220,12695,2,4,95,0,0
0,0,0,5124416,15096,2322156,0,0,0,32,12417,17558,1,3,96,0,0
0,0,0,5125792,15096,2322124,0,0,0,24,10794,15629,2,3,96,0,0
1,0,0,5125864,15096,2322076,0,0,0,0,11041,14355,1,3,95,0,0
0,0,0,5125904,15104,2322064,0,0,0,48,8149,13851,2,3,95,0,0
0,0,0,5125884,15104,2322028,0,0,0,0,8005,15600,3,5,92,0,0
0,0,0,5125784,15104,2322096,0,0,0,40,7822,12688,2,3,95,0,0
2,0,0,5125752,15104,2321996,0,0,0,0,10866,15627,2,4,94,0,0
0,0,0,5125996,15112,2321960,0,0,0,76,9114,12218,2,3,95,0,0
1,0,0,5127004,15112,2322056,0,0,0,0,9942,13119,2,3,95,0,0
0,0,0,5126988,15112,2321940,0,0,0,52,7408,14658,2,2,96,0,0
1,0,0,5127088,15112,2322020,0,0,0,44,9280,13626,2,3,95,0,0
0,0,0,5127868,15112,2321940,0,0,0,28,11297,16541,1,2,96,0,0
1,0,0,5127884,15112,2321852,0,0,0,0,11689,15382,2,3,95,0,0
0,0,0,5127920,15128,2321956,0,0,0,68,8750,11198,1,3,95,0,0
0,0,0,5127140,15128,2321776,0,0,0,0,12604,17886,2,3,95,0,0
1,0,0,5127480,15128,2321848,0,0,0,44,8350,14178,2,4,94,0,0
0,0,0,5127820,15128,2321864,0,0,0,0,9452,14856,2,4,93,0,0
1,0,0,5127708,15128,2321772,0,0,0,28,9287,12058,1,2,96,0,0
0,0,0,5126880,15136,2321864,0,0,0,48,13140,17678,2,4,94,0,0
0,0,0,5126652,15136,2321736,0,0,0,52,10781,13624,1,4,95,0,0
0,0,0,5126984,15136,2321624,0,0,0,32,9623,13017,2,3,95,0,0
0,0,0,5127880,15144,2321768,0,0,0,60,10743,13509,2,3,95,0,0
0,0,0,5127644,15144,2321620,0,0,0,0,12006,15140,3,4,93,0,0
0,0,0,5127580,15144,2321608,0,0,0,28,9052,11412,2,2,96,0,0
1,0,0,5128640,15144,2321696,0,0,0,0,10941,14808,1,3,96,0,0
0,0,0,5128288,15144,2321564,0,0,0,40,9096,10747,2,3,95,0,0
0,0,0,5128200,15152,2321588,0,0,0,12,10837,14999,4,5,91,0,0
1,0,0,5128068,15160,2321516,0,0,0,48,10026,14008,2,4,94,0,0
1,0,0,5127460,15168,2321648,0,0,0,80,11926,16987,2,4,95,0,0
1,0,0,5128180,15176,2321544,0,0,0,80,12043,15497,2,4,95,0,0
3,0,0,5128500,15176,2321456,0,0,0,36,9421,13706,2,2,96,0,0
0,0,0,5127672,15176,2321504,0,0,0,32,10608,13354,2,3,95,0,0
0,0,0,5127624,15176,2321512,0,0,0,0,8322,11375,2,3,95,0,0
1,0,0,5127608,15176,2321496,0,0,0,24,6517,9616,13,9,60,0,
4,0,0,5127528,15184,2321408,0,0,0,12,6943,9596,23,9,50,0,
2,0,0,5127836,15192,2321436,0,0,0,64,9653,12382,2,4,94,0,0
1,0,0,5127756,15192,2321456,0,0,0,0,12253,16326,2,3,95,0,0
2,0,0,5127004,15192,2321416,0,0,0,28,13140,19211,3,5,92,0,0
0,0,0,5128220,15192,2321368,0,0,0,28,10969,17132,2,4,94,0,0
3,0,0,5128236,15200,2321340,0,0,0,52,6889,10736,2,2,96,0,0
0,0,0,5128100,15200,2321324,0,0,0,32,11293,15228,2,3,95,0,0
0,0,0,5128456,15200,2321356,0,0,0,24,7869,12711,2,2,96,0,0
0,0,0,5128408,15200,2321328,0,0,0,0,12211,16019,2,4,95,0,0
6,0,0,5128360,15208,2321316,0,0,0,48,11236,14991,1,3,95,0,0
1,0,0,5128376,15208,2321328,0,0,0,0,8703,11412,1,2,97,0,0
0,0,0,5128360,15208,2321252,0,0,0,40,9175,11946,2,2,96,0,0
1,0,0,5128736,15208,2321216,0,0,0,0,10592,13022,2,3,95,0,0
0,0,0,5128532,15208,2321168,0,0,0,28,9803,12406,1,4,96,0,0
0,0,0,5128296,15224,2321140,0,0,0,60,11682,15240,2,6,92,0,0
3,0,0,5127720,15224,2321152,0,0,0,52,11091,16444,2,4,94,0,0
1,0,0,5127144,15224,2321040,0,0,0,32,11561,16368,2,3,95,0,0
0,0,0,5127640,15232,2321048,0,0,0,48,12758,16509,3,3,94,0,0
1,0,0,5127664,15232,2321032,0,0,0,0,11026,14166,2,4,94,0,0
2,0,0,5127600,15232,2321056,0,0,0,24,11281,14298,1,3,96,0,0
0,0,0,5127528,15232,2321152,0,0,0,0,9660,14606,2,2,96,0,0
1,0,0,5126780,15232,2321028,0,0,0,44,6961,10090,1,3,96,0,0
0,0,0,5126148,15232,2321020,0,0,0,0,6839,10687,1,3,96,0,0
0,0,0,5126276,15248,2320948,0,0,0,60,6766,10715,2,2,96,0,0
0,0,0,5127480,15248,2320964,0,0,0,28,8480,12366,2,3,95,0,0
6,0,0,5127456,15248,2320980,0,0,0,60,7131,11077,1,3,95,0,0
1,0,0,5126148,15248,2320940,0,0,0,32,10120,14971,4,5,92,0,0
0,0,0,5126092,15256,2320900,0,0,0,44,11763,15338,2,4,93,0,0
0,0,0,5126164,15256,2320912,0,0,0,0,7291,12443,2,3,95,0,0
0,0,0,5126132,15256,2320860,0,0,0,28,7550,10121,1,3,96,0,0
0,0,0,5126116,15256,2320900,0,0,0,0,7973,9458,23,9,60,0,
0,0,0,5126116,15256,2320748,0,0,0,40,9810,13117,2,3,96,0,0
0,0,0,5127196,15256,2320712,0,0,0,0,11976,16269,2,3,95,0,0
0,0,0,5127296,15272,2320844,0,0,0,64,9461,12666,2,3,96,0,0
0,0,0,5127744,15272,2320764,0,0,0,0,7420,11019,2,3,95,0,0
0,0,0,5127940,15280,2320796,0,0,0,80,11200,13758,2,3,95,0,0
1,0,0,5127720,15280,2320820,0,0,0,52,7713,12917,2,3,95,0,0
2,0,0,5125820,15280,2320672,0,0,0,28,9083,15681,3,4,93,0,0
1,0,0,5125396,15280,2320736,0,0,0,0,11794,16971,3,4,93,0,0
1,0,0,5125364,15280,2320700,0,0,0,24,7697,9553,23,9,60,0,
0,0,0,5125332,15280,2320676,0,0,0,0,11739,15025,2,2,96,0,0
0,0,0,5126072,15296,2320620,0,0,0,76,10802,14975,1,3,96,0,0
0,0,0,5125028,15296,2320648,0,0,0,0,8106,12120,2,4,95,0,0
0,0,0,5125016,15296,2320648,0,0,0,28,8404,12204,2,3,96,0,0
0,0,0,5125604,15296,2320428,0,0,0,0,11138,17485,2,2,96,0,0
0,0,0,5126464,15304,2320572,0,0,0,76,7579,14025,1,2,96,0,0
0,0,0,5125992,15304,2320568,0,0,0,60,6925,11463,2,3,95,0,0
2,0,0,5126732,15304,2320476,0,0,0,24,7387,10496,2,3,95,0,0
0,0,0,5125928,15304,2320428,0,0,0,0,12223,17022,4,4,92,0,0
0,0,0,5126148,15304,2320408,0,0,0,28,13856,18682,2,3,95,0,0
0,0,0,5126108,15304,2320464,0,0,0,0,9369,13501,2,3,95,0,0
1,0,0,5125816,15320,2320388,0,0,0,76,10228,16314,2,3,95,0,0
0,0,0,5125800,15320,2320456,0,0,0,0,8771,12877,2,3,95,0,0
0,0,0,5125752,15320,2320376,0,0,0,28,11431,17726,2,3,96,0,0
0,0,0,5125672,15320,2320340,0,0,0,0,8643,13116,2,2,96,0,0
3,0,0,5124948,15328,2320304,0,0,0,76,8125,12014,1,3,95,0,0
0,0,0,5124704,15328,2320232,0,0,0,56,7544,12501,3,3,94,0,0
0,0,0,5127128,15328,2320308,0,0,0,28,10541,14385,1,4,95,0,0
0,0,0,5127152,15328,2320248,0,0,0,0,11375,14851,2,3,95,0,0
1,0,0,5126112,15336,2320312,0,0,0,44,10435,14947,3,6,91,0,0
0,0,0,5126072,15336,2320288,0,0,0,0,11617,15280,3,4,93,0,0
0,0,0,5125560,15336,2320164,0,0,0,48,10961,15446,1,3,96,0,0
0,0,0,5126276,15336,2320092,0,0,0,0,8855,12213,3,4,94,0,0
0,0,0,5126064,15336,2320272,0,0,0,28,11131,14223,1,3,96,0,0
0,0,0,5126000,15336,2320132,0,0,0,0,10306,15399,2,3,95,0,0
0,0,0,5126724,15352,2320064,0,0,0,88,8542,14667,2,2,96,0,0
1,0,0,5127260,15352,2320096,0,0,0,60,8822,14195,2,3,95,0,0
1,0,0,5127652,15360,2320040,0,0,0,44,9719,15714,2,2,96,0,0
0,0,0,5127400,15360,2320076,0,0,0,0,10362,14462,1,3,96,0,0
