r,b,d,  free,buff,cache,si,so,bi,bo,in,cs,us,sy,id,wa,st
0,0,0,6442252,9484,1026112,0,0,139,26,1001,1333,2,2,96,0,0
2,0,0,6443336,9484,1026228,0,0,0,48,3633,4427,2,2,95,0,0
0,0,0,6443008,9484,1026228,0,0,0,24,4014,5309,2,2,96,0,0
5,0,0,6438896,9484,1026308,0,0,80,0,3643,4713,2,2,95,0,0
1,0,0,6442196,9492,1026316,0,0,0,48,4819,7344,3,3,94,0,0
0,0,0,6441708,9492,1026428,0,0,100,8,4482,6553,2,2,95,0,0
0,0,0,6442188,9492,1026428,0,0,0,52,3636,4473,1,2,96,0,0
0,0,0,6442188,9492,1026428,0,0,0,0,3020,3763,1,1,97,0,0
0,0,0,6441896,9492,1026428,0,0,0,28,3549,4501,2,2,96,0,0
1,0,0,4690284,9492,1026428,0,0,0,0,3420,3459,3,11,87,0,0
3,0,0,658660,9508,1026432,0,0,0,88,4426,4253,5,21,74,0,0
0,0,0,137400,9508,1026432,0,0,0,44,3457,4038,3,4,93,0,0
0,0,0,138156,9508,1026436,0,0,0,4,4140,5728,3,2,95,0,0
0,0,0,138172,9508,1026436,0,0,0,20,3289,4248,2,2,96,0,0
0,0,0,137668,9520,1026436,0,0,4,48,3462,4520,2,2,96,0,0
0,0,0,136912,9520,1026460,0,0,20,8,4965,7590,3,3,94,0,0
0,0,0,136604,9520,1026468,0,0,0,52,4829,7174,3,2,95,0,0
0,0,0,136628,9520,1026640,0,0,284,0,3083,3781,1,2,97,0,0
0,0,0,135060,9520,1028472,0,0,1704,24,3448,4444,2,2,97,0,0
1,0,0,131280,9520,1032256,0,0,0,0,5732,7247,2,2,96,0,0
0,0,0,131232,8908,1032872,0,0,0,72,13108,16802,2,3,95,0,0
0,0,0,119208,8908,1046384,0,0,380,40,10427,16954,1,3,96,0,0
0,0,0,118768,8452,1047796,0,0,4,24,11372,14910,3,3,94,0,0
0,0,0,128304,7744,1038584,0,0,68,24,11394,14186,1,4,95,0,0
0,0,0,128224,7328,1039616,0,0,12,4,13120,16819,2,4,95,0,0
0,0,0,132620,7060,1034940,0,0,24,28,10069,12129,2,3,95,0,0
0,0,0,127580,6856,1040092,0,0,3236,32,14442,19218,4,5,91,0,0
0,0,0,140668,6284,1026720,0,0,132,20,12060,17612,3,4,93,0,0
0,0,0,126336,6300,1039824,0,0,840,36,12354,15672,2,3,94,1,0
1,0,0,127044,6004,1040372,0,0,1008,24,10569,13117,1,3,96,0,0
1,0,0,118256,6004,1051552,0,0,2160,0,8283,12281,2,3,95,0,0
0,0,0,119412,5696,1050528,0,0,292,84,10092,15828,2,2,96,0,0
0,0,0,120892,5516,1049660,0,0,700,0,12472,17635,2,4,94,0,0
1,0,0,123852,5300,1047016,0,0,252,48,8716,13242,2,3,95,0,0
0,0,0,134452,4872,1036288,0,0,584,0,13421,17169,1,3,96,0,0
1,0,0,121308,4872,1049996,0,0,300,32,12874,17052,1,3,96,0,0
1,0,0,129144,4504,1041860,0,0,308,24,8117,12125,2,2,96,0,0
0,0,0,127836,4528,1040896,0,0,948,48,8263,13239,3,4,93,0,0
1,0,0,119560,4640,1048632,0,0,544,0,8248,13666,2,3,95,0,0
2,0,0,122016,4484,1046840,0,0,636,24,9407,13540,1,3,96,0,0
2,0,0,128112,4140,1040848,0,0,6404,0,10608,15498,2,2,95,0,0
6,0,0,126716,4100,1041740,0,0,696,76,10910,14260,2,4,94,0,0
2,0,0,129324,3936,1047272,0,0,7620,60,10370,15837,4,3,93,1,0
0,0,0,152256,3336,1024688,0,0,1568,24,11301,16885,1,3,96,0,0
1,0,0,133260,3336,1045028,0,0,6240,0,12264,16691,2,3,94,0,0
0,0,0,137676,2928,1039688,0,0,4536,60,12638,16406,1,3,95,0,0
1,0,0,123620,3100,1055012,0,0,4028,0,10405,14963,2,2,96,0,0
1,0,0,119840,2956,1057152,0,0,9120,52,12959,16201,1,4,94,0,0
2,0,0,120180,2940,1054736,0,0,1504,0,10600,15983,2,5,92,0,0
1,0,0,127384,2816,1049056,0,0,2920,24,11015,15945,2,3,95,0,0
1,0,0,124360,2744,1052400,0,0,6428,0,12512,16163,1,3,95,0,0
2,0,0,136944,2432,1039800,0,0,2684,92,10441,15016,1,3,96,0,0
3,0,0,120784,2432,1055380,0,0,3332,28,8484,15629,2,2,95,0,0
2,0,0,120956,2272,1056208,0,0,6472,24,8564,13915,2,3,96,0,0
0,0,0,124280,2212,1054044,0,0,2452,0,10054,13862,1,3,96,0,0
0,0,0,124736,2128,1053824,0,0,4668,68,12017,16442,2,4,94,0,0
2,0,0,134296,1988,1044192,0,0,5080,20,10573,14665,2,3,95,0,0
2,0,0,126248,1756,1051236,0,0,20788,28,12167,14705,2,5,93,1,0
1,0,0,123744,1716,1052672,0,0,972,0,11921,14938,2,3,95,0,0
2,0,0,139972,1596,1037632,0,0,1852,24,13489,19081,3,5,92,0,0
3,0,0,124608,1688,1052692,0,0,7744,12,8201,12908,2,4,94,0,0
1,0,0,125788,1668,1051020,0,0,920,84,11551,14998,2,3,95,0,0
1,0,0,130308,1632,1047480,0,0,1992,28,10592,15008,2,3,95,0,0
2,0,0,120440,1632,1058072,0,0,704,24,12750,16162,1,4,95,0,0
1,0,0,126968,1636,1052620,0,0,3500,0,13181,17214,1,3,95,0,0
1,0,0,119124,1572,1060324,0,0,14920,56,12540,16186,2,3,95,0,0
1,0,0,133204,1612,1045380,0,0,5184,24,8539,12459,1,4,95,0,0
1,0,0,118636,1612,1060560,0,0,2344,28,11845,15002,1,3,96,0,0
1,0,0,129432,1556,1048780,0,0,224,0,8068,11690,1,3,96,0,0
1,0,0,118336,1580,1061200,0,0,4448,44,7539,11418,2,3,95,0,0
1,0,0,136944,1780,1040556,0,0,2252,0,13416,18702,2,4,94,0,0
1,0,0,122296,2132,1055524,0,0,996,64,15394,21037,3,4,93,0,0
0,0,0,126856,2128,1050892,0,0,1624,0,12299,16730,2,3,95,0,0
1,0,0,127752,2004,1048988,0,0,6120,72,12759,16599,2,4,94,0,0
0,0,0,122948,2004,1053396,0,0,3616,0,11417,14927,1,3,95,1,0
1,0,0,142296,1972,1034696,0,0,772,36,13230,17073,2,4,94,0,0
2,0,0,124900,2016,1053000,0,0,4640,24,10274,17102,2,3,95,0,0
1,0,0,145216,1920,1032576,0,0,1128,28,7549,11670,2,3,95,0,0
0,0,0,134292,1784,1043356,0,0,12784,0,12034,21258,2,3,95,0,0
1,0,0,133812,1768,1044488,0,0,5044,56,7975,14884,1,3,96,0,0
1,0,0,136016,1576,1042076,0,0,12524,0,11706,16077,1,4,94,1,0
1,0,0,135812,1556,1041016,0,0,4748,64,15203,19939,3,6,91,0,0
0,0,0,123748,1960,1052928,0,0,3500,0,9999,15694,2,5,93,0,0
0,0,0,129672,1804,1047988,0,0,4312,72,9229,12775,2,4,94,0,0
0,0,0,126440,1804,1050360,0,0,856,4,10309,15099,2,3,95,0,0
1,0,0,118360,1804,1060020,0,0,7968,60,8802,13071,2,3,95,0,0
0,0,0,121132,1796,1056020,0,0,2508,0,8236,13131,1,3,96,0,0
0,0,0,140236,1520,1037700,0,0,11564,48,10607,15378,2,2,96,0,0
2,0,0,122836,1520,1054604,0,0,4468,0,11343,15512,2,4,95,0,0
0,0,0,146724,1384,1029632,0,0,1116,24,7503,12112,2,3,95,0,0
0,0,0,134344,1384,1044036,0,0,3016,4,10400,13543,1,3,96,0,0
0,0,0,121444,1384,1056024,0,0,1112,48,7803,13138,2,4,95,0,0
0,0,0,129340,1500,1046064,0,0,6180,24,13643,19303,4,6,90,1,0
0,0,0,133460,1516,1041380,0,0,2444,84,10364,17510,2,5,93,0,0
0,0,0,123128,1516,1053668,0,0,96,0,10985,14562,2,2,96,0,0
0,0,0,121356,1504,1053608,0,0,1652,60,9680,13562,1,3,95,0,0
0,0,0,134736,1476,1039624,0,0,32,0,7518,11131,1,3,95,0,0
0,0,0,118836,1484,1055256,0,0,1604,48,7516,15379,1,2,97,0,0
1,0,0,134680,1428,1039388,0,0,480,0,9166,14736,1,4,95,0,0
0,0,0,118748,1428,1055312,0,0,2512,24,9646,16344,1,2,96,0,0
0,0,0,130316,1664,1044440,0,0,14584,0,10483,16011,2,4,94,1,0
1,0,0,119220,1668,1057724,0,0,3016,44,9517,13032,2,2,96,0,0
0,0,0,128748,1396,1046388,0,0,4976,48,9749,14213,2,4,93,0,0
0,0,0,137572,1580,1035428,0,0,7612,52,9846,15811,2,5,93,0,0
0,0,0,123936,1652,1049884,0,0,5872,0,8945,14983,2,3,95,0,0
0,0,0,120636,1840,1052772,0,0,8668,80,7802,12401,2,3,95,1,0
0,0,0,129416,1820,1043088,0,0,8756,0,13553,18029,2,4,94,0,0
1,0,0,130620,1800,1043760,0,0,4220,28,11953,17325,2,2,96,0,0
0,0,0,121792,1800,1054160,0,0,1548,0,8382,10252,1,4,95,0,0
0,0,0,137660,1676,1037388,0,0,2380,24,10936,15420,2,3,95,0,0
0,0,0,127540,1676,1047916,0,0,212,0,9049,11272,1,3,96,0,0
0,0,0,133312,1628,1040928,0,0,388,76,11551,15177,1,3,96,0,0
2,0,0,121688,1628,1053356,0,0,1252,28,11025,13992,2,3,95,0,0
0,0,0,133280,1724,1043960,0,0,14904,52,11196,13894,2,5,92,0,0
0,0,0,129136,1912,1044056,0,0,6196,0,14118,19261,3,6,91,0,0
1,0,0,140720,1780,1034252,0,0,4632,80,14196,19843,3,4,92,0,0
0,0,0,125796,1780,1048608,0,0,3444,0,10229,12898,1,4,95,0,0
3,0,0,125332,1448,1051268,0,0,17676,28,10993,15789,2,4,93,1,0
0,0,0,128576,1360,1044560,0,0,1140,0,10943,14311,1,4,95,0,0
1,0,0,127984,1488,1046028,0,0,1320,44,10446,12889,2,3,95,0,0
1,0,0,127780,1436,1046388,0,0,7900,0,8055,11683,1,3,96,0,0
0,0,0,119748,1436,1054368,0,0,684,44,6863,11128,1,2,96,0,0
0,0,0,140308,1316,1034472,0,0,2556,28,9522,13290,2,4,94,0,0
0,0,0,127092,1564,1047752,0,0,1768,28,11968,17177,2,2,95,0,0
0,0,0,145268,1476,1030032,0,0,2712,44,9586,16181,2,4,95,0,0
0,0,0,129320,1672,1044304,0,0,12596,60,13338,22961,3,5,91,1,0
0,0,0,129140,1872,1043716,0,0,3800,0,13018,19022,2,4,93,1,0
0,0,0,127084,1876,1046400,0,0,456,32,11445,18534,1,4,95,0,0
0,0,0,136816,1856,1035924,0,0,88,0,11166,19116,1,2,96,0,0
0,0,0,129240,1872,1044800,0,0,1484,60,7610,11639,2,2,96,0,0
0,0,0,139304,1844,1033624,0,0,2216,0,10917,14414,2,3,95,0,0
0,0,0,132736,1848,1041128,0,0,1064,44,6824,10980,2,2,96,0,0
0,0,0,123648,1856,1050952,0,0,668,0,9279,13450,2,2,96,0,0
1,0,0,119568,1812,1052956,0,0,1860,76,10176,18049,2,4,95,0,0
0,0,0,126168,1756,1048368,0,0,4684,24,8193,14333,2,3,95,0,0
0,0,0,136364,1860,1037840,0,0,9116,60,8949,13855,2,4,94,0,0
0,0,0,130892,2044,1040040,0,0,6860,0,9321,15358,3,4,92,0,0
0,0,0,120844,2088,1050960,0,0,2960,52,10117,16355,2,3,95,0,0
0,0,0,122736,2084,1050312,0,0,688,0,11757,16734,1,3,96,0,0
0,0,0,141192,1896,1032244,0,0,4716,24,10688,15674,1,3,95,0,0
0,0,0,119968,1896,1055144,0,0,10844,0,10686,14524,1,3,95,0,0
0,0,0,122872,1888,1050336,0,0,452,44,12140,15537,1,3,96,0,0
0,0,0,127188,1668,1046788,0,0,1120,0,7231,10562,1,2,96,0,0
0,0,0,127620,1672,1046624,0,0,7272,88,14962,19699,2,3,94,1,0
0,0,0,118208,1672,1054764,0,0,1396,24,10673,13638,2,4,95,0,0
0,0,0,125728,1408,1047848,0,0,6776,36,12175,15792,2,4,94,0,0
0,0,0,128824,1340,1044236,0,0,3372,24,7443,11290,2,3,95,1,0
3,0,0,120444,1312,1052148,0,0,13988,48,8099,14715,2,3,94,1,0
0,0,0,129188,1364,1046608,0,0,3172,0,12108,17257,4,6,91,0,0
0,0,0,142872,1444,1031708,0,0,928,24,9369,15537,2,3,95,0,0
0,0,0,119412,1568,1055836,0,0,13820,0,7915,13368,2,3,95,0,0
0,0,0,129304,1544,1045220,0,0,7088,44,11406,15415,1,4,95,0,0
0,0,0,142700,1476,1031204,0,0,1456,0,10515,14619,1,2,96,0,0
0,0,0,129988,1492,1044440,0,0,2168,88,12012,16632,2,3,95,0,0
0,0,0,131580,1400,1043908,0,0,8300,28,11880,17191,1,4,95,0,0
2,0,0,139092,1288,1035608,0,0,2608,80,12136,18024,2,3,95,0,0
0,0,0,131216,1288,1045528,0,0,688,0,8659,13169,2,3,96,0,0
0,0,0,127972,1112,1048184,0,0,2076,28,13319,17336,2,3,95,0,0
0,0,0,128476,1196,1047800,0,0,1548,0,12449,18848,2,3,95,0,0
0,0,0,126028,1380,1048536,0,0,1144,24,10259,15918,2,5,92,0,0
0,0,0,129320,1832,1041620,0,0,14860,0,13578,21232,3,4,93,0,0
5,0,0,126656,1848,1045760,0,0,2344,76,11745,16537,2,3,94,0,0
0,0,0,138848,1780,1034820,0,0,7084,0,11406,15254,2,4,93,0,0
2,0,0,127356,1780,1045700,0,0,4828,56,7170,11127,2,3,95,0,0
0,0,0,141700,1708,1032752,0,0,9032,0,11907,16173,2,4,93,1,0
0,0,0,144828,1572,1030176,0,0,16188,104,10861,15552,2,4,94,0,0
2,0,0,136008,1572,1039824,0,0,1688,0,7220,11429,1,2,97,0,0
1,0,0,119628,1572,1056468,0,0,4452,24,12021,15630,1,4,95,0,0
0,0,0,128456,1540,1046924,0,0,2412,0,10039,16535,1,2,96,0,0
2,0,0,119408,1548,1057152,0,0,1548,48,7730,12218,1,2,97,0,0
0,0,0,127464,1944,1044320,0,0,12420,0,9882,15828,3,6,91,0,0
1,0,0,139300,1812,1031272,0,0,4140,40,11399,16926,2,4,93,0,0
0,0,0,123424,1824,1047696,0,0,2788,0,12760,17119,1,3,95,0,0
0,0,0,135888,1676,1036024,0,0,3964,56,13933,18093,2,4,94,0,0
0,0,0,125636,1676,1047748,0,0,848,0,9996,12285,1,2,96,0,0
2,0,0,129156,1324,1044420,0,0,2740,116,12412,18162,2,4,94,0,0
0,0,0,131928,1244,1040484,0,0,7160,0,9572,13397,1,3,95,0,0
0,0,0,132464,1184,1040420,0,0,18764,28,14808,19198,2,4,94,1,0
0,0,0,123992,1184,1050936,0,0,2048,0,7121,11276,2,3,95,0,0
0,0,0,128836,1180,1045096,0,0,752,44,8820,11218,2,4,94,0,0
0,0,0,122204,1160,1053004,0,0,9112,0,10635,13160,2,4,95,0,0
1,0,0,126952,1396,1045772,0,0,2052,44,9157,18216,3,4,93,0,0
0,0,0,151468,1244,1021900,0,0,3208,0,9739,15564,2,4,93,0,0
0,0,0,134892,1252,1038644,0,0,2428,52,12562,17970,2,3,95,0,0
2,0,0,119472,1252,1055788,0,0,4960,24,11784,15168,1,3,96,0,0
2,0,0,126244,1180,1049428,0,0,11532,84,15904,20901,2,4,93,0,0
0,0,0,139332,1108,1035280,0,0,2284,4,9700,11756,1,4,95,0,0
0,0,0,127000,1116,1047712,0,0,652,44,10730,12865,2,3,95,0,0
0,0,0,133864,1032,1039740,0,0,180,0,10379,13507,1,3,96,0,0
0,0,0,125432,1116,1049604,0,0,14412,28,14223,17663,1,3,95,0,0
0,0,0,134716,1132,1041216,0,0,9488,0,8735,12557,2,4,94,0,0
2,0,0,124108,1140,1052140,0,0,2172,40,8800,12302,2,3,95,0,0
7,0,0,129756,1492,1045740,0,0,8716,0,13169,20374,2,7,90,1,0
1,0,0,138072,1904,1035572,0,0,1768,68,14376,20794,2,4,94,0,0
2,0,0,125472,1904,1048800,0,0,2512,28,9240,14676,2,3,95,0,0
2,0,0,142568,1788,1031664,0,0,16212,88,10564,15009,2,4,94,0,0
1,0,0,128228,1788,1046968,0,0,960,0,11010,17985,2,2,96,0,0
4,0,0,128456,1792,1045436,0,0,1644,48,11824,16005,1,3,96,0,0
0,0,0,119580,1796,1054620,0,0,448,0,10931,14944,2,4,95,0,0
1,0,0,132392,1688,1041992,0,0,1716,24,13981,19815,2,3,96,0,0
0,0,0,142552,1668,1032392,0,0,11176,0,8217,14089,1,3,96,0,0
1,0,0,121172,1668,1054132,0,0,6816,44,10923,17409,1,2,96,0,0
0,0,0,133204,1520,1042628,0,0,984,0,10047,13987,2,4,94,0,0
1,0,0,147916,1888,1024064,0,0,3148,60,14029,24401,3,5,92,0,0
2,1,0,123488,2056,1050208,0,0,9064,28,14149,21277,2,5,93,1,0
3,0,0,124716,1968,1049924,0,0,6976,104,9717,16619,1,3,95,0,0
0,0,0,135088,1560,1038924,0,0,7664,0,9889,16431,2,3,95,0,0
0,0,0,148484,1472,1025244,0,0,13700,24,6887,9887,2,2,95,1,0
0,0,0,135276,1472,1038588,0,0,4512,0,8445,13328,2,2,95,0,0
1,0,0,125308,1472,1049884,0,0,1788,28,8923,13546,2,2,96,0,0
1,0,0,134656,1428,1041004,0,0,1880,0,10801,14552,1,3,96,0,0
0,0,0,129952,1444,1045860,0,0,2188,76,13896,18345,1,4,95,0,0
1,0,0,129332,1444,1046064,0,0,300,0,10011,12404,1,2,96,0,0
1,0,0,155100,1348,1019804,0,0,316,28,14450,18942,1,4,95,0,0
0,0,0,139712,2236,1034044,0,0,4980,4,10134,16375,3,5,92,0,0
0,0,0,127892,2336,1045912,0,0,1616,128,9377,14630,2,3,95,0,0
0,0,0,127640,2336,1046196,0,0,72,0,12355,16447,2,4,95,0,0
1,0,0,119000,2336,1055348,0,0,704,28,8111,11799,2,2,96,0,0
1,0,0,132584,2304,1040856,0,0,476,0,13765,17589,1,4,95,0,0
0,0,0,122244,2316,1051212,0,0,944,48,8991,12623,1,3,96,0,0
0,0,0,123408,2324,1050312,0,0,13752,0,9214,12722,2,5,93,0,0
0,0,0,125156,2284,1049492,0,0,2964,44,8401,11655,2,4,95,0,0
1,0,0,141016,2156,1033108,0,0,2924,0,11950,16865,2,3,95,0,0
1,0,0,117800,2240,1057172,0,0,10736,140,12501,19305,2,4,93,0,0
2,0,0,138952,2160,1035092,0,0,5656,0,9538,13315,2,4,94,0,0
0,0,0,134288,2428,1037660,0,0,12788,144,15376,21434,4,5,91,1,0
2,0,0,122672,2536,1051292,0,0,1072,0,13529,18436,2,4,94,0,0
1,0,0,123360,2528,1050752,0,0,1768,24,11025,13973,2,4,94,0,0
0,0,0,160748,2412,1011240,0,0,1828,0,10980,14770,2,4,93,0,0
2,0,0,147848,2420,1024592,0,0,752,48,11842,15460,1,3,95,0,0
0,0,0,136800,2420,1036280,0,0,1536,0,8890,13225,2,3,96,0,0
0,0,0,121120,2420,1051648,0,0,440,40,12708,17859,1,3,95,0,0
3,0,0,118624,2220,1055336,0,0,7544,0,9667,14347,2,4,94,0,0
1,0,0,121908,2480,1051836,0,0,3876,48,8833,12695,2,3,95,0,0
2,0,0,118756,2408,1055200,0,0,2772,0,11629,15357,2,3,96,0,0
0,0,0,121268,2388,1053244,0,0,6188,92,10661,17895,1,3,95,0,0
0,0,0,144576,2244,1030240,0,0,27004,56,15311,19424,3,8,89,1,0
0,0,0,120432,2376,1053300,0,0,9168,32,13596,20295,3,4,93,0,0
0,0,0,126180,2348,1046104,0,0,320,0,8292,12096,2,3,95,0,0
0,0,0,125024,2344,1047428,0,0,1156,32,8933,13381,1,3,96,0,0
0,0,0,123880,2328,1049280,0,0,6744,0,11266,14073,1,4,94,0,0
0,0,0,123180,2056,1049512,0,0,948,92,9712,11741,2,4,95,0,0
0,0,0,121156,2052,1053372,0,0,4796,0,8874,14438,1,3,96,0,0
0,0,0,120904,2020,1053956,0,0,3904,32,12640,17245,2,4,95,0,0
0,0,0,129912,1972,1044940,0,0,2672,0,9516,13012,2,2,96,0,0
0,0,0,125896,1916,1050040,0,0,3768,108,7281,11661,2,2,96,0,0
0,0,0,128172,1920,1044320,0,0,1736,24,9601,15414,1,4,95,0,0
0,0,0,133308,2060,1036092,0,0,3932,4,11732,15786,4,6,90,0,0
0,0,0,139324,2112,1030072,0,0,2840,24,11450,18898,2,4,93,0,0
0,0,0,124920,2120,1046180,0,0,1484,24,11273,18003,1,2,96,0,0
0,0,0,128440,1776,1043688,0,0,3480,20,8980,14258,1,3,95,0,0
0,0,0,125344,1752,1047548,0,0,3808,20,11596,14637,2,3,95,0,0
0,0,0,127904,1676,1044528,0,0,1752,24,8903,13227,1,2,96,0,0
0,0,0,124352,1664,1047020,0,0,1028,4,13244,17794,2,3,96,0,0
0,0,0,139960,1588,1032780,0,0,3280,24,9969,14059,1,3,95,0,0
0,0,0,118052,1796,1056804,0,0,12896,96,11972,16460,2,4,94,0,0
0,0,0,120840,1640,1054256,0,0,3804,48,10925,17785,2,3,95,0,0
1,0,0,121328,1604,1053816,0,0,6336,48,8459,14334,1,2,96,0,0
0,0,0,129336,1932,1044200,0,0,1340,0,15341,20557,3,5,92,0,0
0,1,0,129392,2100,1041828,0,0,7088,4,11867,17373,2,4,93,0,0
0,0,0,121240,2096,1050652,0,0,6868,24,13507,16973,1,3,95,0,0
0,0,0,127664,1968,1043456,0,0,3880,20,12322,17928,1,3,96,0,0
0,0,0,118032,1968,1054548,0,0,1868,24,10537,12821,2,4,95,0,0
4,0,0,131812,1880,1040524,0,0,1092,16,13888,18714,2,3,95,0,0
0,0,0,124664,1888,1048664,0,0,1144,48,6815,10893,1,3,96,0,0
0,0,0,132020,1808,1041892,0,0,1736,32,7418,11866,1,3,96,0,0
0,0,0,132888,1764,1040392,0,0,4812,76,8781,15309,2,3,95,0,0
0,0,0,140680,1608,1033688,0,0,27596,0,13713,16699,2,4,93,1,0
3,0,0,125888,1748,1049500,0,0,8020,48,8966,12970,2,4,94,0,0
0,0,0,130352,2112,1041008,0,0,1456,0,8591,14168,3,4,93,0,0
0,0,0,126180,2068,1046800,0,0,3856,24,13373,19308,3,4,93,0,0
0,0,0,127700,2020,1044132,0,0,1380,16,9966,14543,1,3,96,0,0
0,0,0,130740,1952,1041408,0,0,4460,32,11466,14171,2,4,94,0,0
0,0,0,130732,1992,1041808,0,0,2460,0,11872,16770,2,3,95,0,0
0,0,0,128716,1996,1044552,0,0,2436,60,11927,15613,2,4,94,0,0
0,0,0,124448,1980,1047456,0,0,2200,36,13207,17251,1,3,96,0,0
0,0,0,127792,1984,1045416,0,0,1376,96,10547,14919,1,4,95,0,0
0,0,0,125928,1992,1046276,0,0,3412,0,12329,16447,1,4,95,0,0
0,0,0,125400,1776,1045704,0,0,564,24,10944,14960,1,3,96,0,0
1,0,0,130384,1748,1040816,0,0,6928,4,10598,14130,1,2,96,0,0
3,0,0,135464,1760,1035296,0,0,5276,44,8405,13012,2,4,94,0,0
1,0,0,125888,1836,1045460,0,0,3840,0,8886,14499,4,4,92,1,0
0,0,0,120320,1944,1050784,0,0,11236,56,14032,18286,4,5,91,0,0
0,0,0,155476,2240,1014948,0,0,5608,0,11987,17988,2,3,95,0,0
0,0,0,134308,2244,1036400,0,0,12952,28,8609,12850,2,4,95,0,0
1,0,0,137860,2000,1033376,0,0,11484,36,7680,11767,2,3,95,0,0
0,0,0,124040,2012,1048352,0,0,3636,96,12144,16096,2,4,94,0,0
0,0,0,128176,1908,1043572,0,0,7248,0,11320,15010,1,4,94,0,0
1,0,0,128484,1820,1042264,0,0,2000,28,8434,12185,1,3,96,0,0
0,0,0,120436,1920,1051332,0,0,2696,0,10822,14900,2,3,95,0,0
0,0,0,131940,1912,1040668,0,0,6048,60,7487,11124,2,3,95,0,0
0,0,0,119600,1912,1053476,0,0,188,0,9882,15915,2,2,96,0,0
1,0,0,128176,2268,1039664,0,0,1368,28,10999,16254,3,5,92,0,0
0,0,0,139604,2356,1025816,0,0,920,0,12375,20336,2,4,94,0,0
1,0,0,125508,2356,1041652,0,0,1268,28,13790,18213,2,4,94,0,0
0,0,0,136736,2356,1031268,0,0,796,48,9308,12956,2,3,95,0,0
1,0,0,124044,2392,1046412,0,0,3420,96,9910,15545,3,3,94,0,0
0,0,0,143124,2072,1026352,0,0,28756,0,11806,14031,2,5,92,1,0
0,0,0,135232,2072,1034160,0,0,1192,24,6637,9529,1,3,95,0,0
0,0,0,118688,2072,1051916,0,0,6572,0,8115,13857,1,2,96,0,0
0,0,0,125256,1864,1045252,0,0,4172,64,7868,13488,1,2,96,0,0
0,0,0,131776,1680,1037636,0,0,1216,4,9097,11655,1,4,95,0,0
0,0,0,118624,1680,1054432,0,0,3004,24,11518,17275,2,2,95,0,0
0,0,0,125512,2156,1046760,0,0,6372,0,14541,19509,2,5,92,0,0
0,0,0,128860,2312,1042100,0,0,2888,28,12909,17876,2,4,93,0,0
0,0,0,128512,2176,1043092,0,0,3328,44,12616,17625,2,2,96,0,0
0,0,0,128340,2120,1042684,0,0,452,72,10303,14592,2,4,94,0,0
0,0,0,128324,2036,1043108,0,0,4268,28,8881,12271,2,4,93,0,0
0,0,0,125284,2040,1046976,0,0,2616,48,12150,16359,2,3,95,0,0
1,0,0,131584,1920,1040888,0,0,552,0,9003,13899,1,2,97,0,0
0,0,0,128260,1852,1044272,0,0,3828,40,12539,15745,2,4,94,0,0
1,0,0,129788,1620,1042096,0,0,1356,0,11016,17524,2,3,95,0,0
0,0,0,128228,1544,1046528,0,0,8408,28,10142,15207,2,3,95,0,0
2,0,0,124936,1520,1048956,0,0,1628,4,11194,16782,1,3,95,0,0
0,0,0,137784,2044,1034136,0,0,3292,60,16378,22506,3,5,92,0,0
0,0,0,132792,2148,1037720,0,0,14296,36,14596,19299,2,5,93,0,0
0,0,0,128792,2144,1041788,0,0,4684,52,10822,14814,2,4,94,0,0
0,0,0,131832,2100,1038408,0,0,10480,24,10509,13538,1,4,95,0,0
0,0,0,131076,2040,1039388,0,0,3156,44,12496,16469,2,3,95,0,0
0,0,0,138360,1848,1032528,0,0,18292,0,12852,16719,2,4,94,1,0
1,0,0,123044,1848,1047500,0,0,1228,44,12389,17224,2,3,95,0,0
0,0,0,132108,1568,1038412,0,0,1756,0,12164,18598,1,3,96,0,0
0,0,0,128228,1520,1042944,0,0,1528,24,12398,16423,1,3,96,0,0
0,0,0,128424,1460,1042520,0,0,2748,0,14156,19283,2,4,95,0,0
0,0,0,118320,1448,1052712,0,0,6972,60,12802,19350,2,3,95,1,0
0,0,0,132204,1412,1036992,0,0,7944,32,14223,20215,3,5,92,0,0
1,0,0,121612,1540,1045524,0,0,6372,28,16764,22862,2,4,94,0,0
1,0,0,121360,1360,1046720,0,0,17104,68,11819,15156,2,5,94,0,0
1,0,0,134684,1268,1031928,0,0,4204,28,12207,15225,2,4,94,1,0
2,0,0,124856,1268,1043324,0,0,312,0,9393,11972,1,2,96,0,0
0,0,0,124572,1224,1042684,0,0,2156,40,13431,17449,2,4,94,0,0
4,0,0,131604,1192,1037076,0,0,2356,0,11337,15544,1,3,96,0,0
1,0,0,119232,1208,1049244,0,0,4956,48,7878,10887,2,4,93,1,0
5,0,0,132524,1572,1033732,0,0,3284,0,7775,11728,1,3,95,0,0
1,0,0,132336,1552,1033308,0,0,5800,28,11253,14476,2,4,94,0,0
2,0,0,119996,1692,1049652,0,0,2472,36,10344,14650,1,4,95,0,0
1,0,0,129884,1740,1037624,0,0,4036,24,10116,15417,3,4,92,0,0
3,0,0,135840,1916,1030232,0,0,4912,48,11383,17940,2,4,94,0,0
2,0,0,6418532,1920,1050816,0,0,6736,48,9765,16777,1,5,93,0,0
1,0,0,6395616,1924,1074272,0,0,17100,0,7799,10779,1,4,95,0,0
0,0,0,6380228,1936,1090228,0,0,4168,64,11621,15617,1,3,96,0,0
5,0,0,6366344,1944,1103660,0,0,808,0,10335,13988,2,3,95,0,0
2,0,0,6354084,1944,1117216,0,0,2180,24,7886,13737,2,2,96,0,0
4,1,0,6343004,1944,1127624,0,0,644,0,7485,13499,1,2,96,0,0
1,0,0,6322500,1944,1150204,0,0,7960,32,11915,16643,2,3,94,1,0
4,0,0,6301336,1944,1171096,0,0,5568,32,13529,19156,2,3,95,0,0
2,0,0,6285852,1960,1186576,0,0,496,60,11311,15066,1,4,95,0,0
4,0,0,6267172,1960,1202856,0,0,2256,24,13028,18419,3,5,92,0,0
1,0,0,6250484,1960,1218800,0,0,440,52,14637,21615,2,4,94,0,0
1,0,0,6240688,1960,1229980,0,0,700,0,10456,14645,1,2,97,0,0
1,0,0,6223796,1968,1247292,0,0,204,60,11919,16291,1,3,96,0,0
7,0,0,6210148,1968,1260688,0,0,172,0,11916,15219,1,4,95,0,0
2,0,0,6197540,1968,1273356,0,0,108,28,10629,13677,2,3,95,0,0
1,0,0,6180876,1972,1288984,0,0,168,0,11166,18968,2,3,95,0,0
1,0,0,6165220,1984,1304800,0,0,1684,28,12270,17687,1,3,95,0,0
2,0,0,6151612,1996,1318340,0,0,492,48,13216,17207,2,3,96,0,0
2,0,0,6134664,2016,1338688,0,0,4624,44,13667,18349,2,3,95,0,0
3,0,0,6119008,2016,1354912,0,0,1648,28,11462,15623,1,2,96,0,0
3,0,0,6101840,2028,1371204,0,0,296,68,17076,23383,3,6,91,0,0
2,0,0,6086460,2044,1387328,0,0,232,0,14756,21462,3,4,93,0,0
4,0,0,6070788,2044,1403408,0,0,708,44,10191,18364,1,2,97,0,0
4,0,0,6060580,2044,1413516,0,0,260,0,8137,13406,2,2,96,0,0
0,0,0,6043152,2044,1430696,0,0,360,24,15140,20400,2,3,95,0,0
3,0,0,6029048,2044,1445048,0,0,340,0,12916,18030,2,3,96,0,0
2,0,0,6013132,2060,1461300,0,0,544,60,14486,18778,2,3,95,1,0
1,0,0,5999492,2060,1474824,0,0,800,32,11402,15634,2,2,96,0,0
0,0,0,5986372,2060,1487704,0,0,128,28,10753,15022,1,2,96,0,0
0,0,0,5973472,2064,1500348,0,0,1396,24,10604,14144,2,3,95,0,0
0,0,0,5964800,2072,1507860,0,0,840,52,6962,11181,2,3,95,0,0
0,0,0,5947256,2072,1523364,0,0,128,0,15138,21273,3,5,92,0,0
2,0,0,5929072,2072,1541748,0,0,420,40,16433,24072,2,3,95,0,0
0,0,0,5918976,2072,1552292,0,0,8,0,10551,14870,2,3,95,0,0
0,0,0,5904864,2072,1567368,0,0,4248,28,10797,15101,1,3,96,0,0
0,0,0,5896760,2072,1574684,0,0,848,0,6934,11027,2,3,95,0,0
1,0,0,5878324,2088,1594324,0,0,5380,60,8389,16143,1,2,96,0,0
0,0,0,5867188,2088,1605780,0,0,204,36,10248,15066,2,2,95,0,0
0,0,0,5849028,2088,1623936,0,0,4624,28,12906,17113,2,4,94,0,0
0,0,0,5833364,2088,1640656,0,0,796,28,12788,20038,2,3,95,0,0
0,0,0,5816456,2096,1656796,0,0,312,68,13001,17927,1,3,95,0,0
0,0,0,5803336,2096,1669400,0,0,2032,0,8742,12817,1,3,96,0,0
0,0,0,5789948,2096,1680128,0,0,0,32,10395,16053,3,4,93,0,0
0,0,0,5777600,2096,1692436,0,0,0,12,9093,16606,2,3,95,0,0
0,0,0,5768260,2104,1702852,0,0,24,44,10167,13688,2,3,95,0,0
0,0,0,5753628,2104,1716784,0,0,496,0,12241,17820,2,3,95,0,0
1,0,0,5742020,2104,1729392,0,0,128,28,11600,15624,2,2,96,0,0
0,0,0,5728624,2104,1742608,0,0,104,32,12052,15365,1,4,95,0,0
1,0,0,5711384,2108,1758588,0,0,280,28,11272,16946,2,3,95,0,0
0,0,0,5702784,2120,1767948,0,0,220,0,8334,12660,2,2,96,0,0
0,0,0,5690128,2136,1781200,0,0,0,84,7697,14646,2,2,96,0,0
0,0,0,5675764,2136,1794036,0,0,104,24,8994,13374,1,3,95,0,0
0,0,0,5664196,2144,1806040,0,0,608,64,9071,12985,1,3,96,0,0
4,0,0,5650360,2148,1818872,0,0,428,0,13768,19230,4,5,91,0,0
5,0,0,5635624,2164,1832628,0,0,16,24,13122,19267,2,4,95,0,0
0,0,0,5622212,2164,1846340,0,0,0,0,13648,18089,2,3,95,0,0
0,0,0,5609856,2164,1860056,0,0,1224,28,9720,13338,2,4,95,0,0
0,0,0,5594704,2172,1875520,0,0,0,44,12499,18523,1,2,96,0,0
0,0,0,5577536,2180,1891644,0,0,236,48,14352,18842,2,3,95,0,0
0,0,0,5568952,2180,1900864,0,0,72,0,7283,11799,1,2,97,0,0
0,0,0,5561596,2184,1908728,0,0,76,52,7489,11887,2,3,96,0,0
0,0,0,5548004,2184,1922312,0,0,76,24,11285,16665,2,3,95,0,0
0,0,0,5533692,2192,1935064,0,0,0,64,13281,17424,2,2,96,0,0
0,0,0,5519716,2192,1949884,0,0,0,0,13135,18771,3,3,94,0,0
0,0,0,5507200,2192,1961780,0,0,1656,24,11244,16366,4,5,91,0,0
0,0,0,5498012,2192,1971868,0,0,0,0,10232,16524,2,3,95,0,0
1,0,0,5486656,2192,1983468,0,0,280,28,10780,14592,1,3,96,0,0
2,0,0,5476544,2208,1993880,0,0,1676,64,8061,12133,2,3,95,0,0
5,0,0,5471520,2208,1999472,0,0,0,28,6761,9939,1,3,96,0,0
0,0,0,5471432,2208,1999460,0,0,64,0,9676,13391,2,2,96,0,0
4,0,0,5471156,2208,1999748,0,0,328,56,9609,12911,1,3,96,0,0
0,0,0,5470320,2216,1999836,0,0,0,44,7646,14038,2,2,96,0,0
0,0,0,5467280,2216,2002972,0,0,3152,44,10805,14070,2,4,94,0,0
0,0,0,5465716,2216,2002868,0,0,0,0,10874,14141,2,4,94,0,0
0,0,0,5466004,2216,2003036,0,0,144,24,8853,12858,2,2,96,0,0
0,0,0,5465200,2216,2002992,0,0,0,0,9068,18092,3,4,93,0,0
0,0,0,5464704,2224,2002952,0,0,0,48,6532,10606,2,3,95,0,0
1,0,0,5463720,2224,2004216,0,0,1184,32,5078,7016,2,4,94,0,0
1,0,0,5463436,2224,2004204,0,0,0,28,10439,13452,1,3,96,0,0
3,0,0,5460672,2224,2007080,0,0,2996,0,8875,12603,2,3,95,0,0
1,0,0,5460616,2232,2007068,0,0,0,72,11631,15575,1,3,96,0,0
1,0,0,5461104,2232,2007032,0,0,0,24,13339,17329,1,3,96,0,0
0,0,0,5459324,2232,2006980,0,0,0,32,12023,16246,2,3,95,0,0
0,0,0,5459040,2232,2007240,0,0,248,12,8964,13636,1,3,96,0,0
1,0,0,5459024,2232,2007644,0,0,544,24,12445,17341,1,3,95,0,0
0,0,0,5458464,2232,2007712,0,0,0,0,10986,15043,2,4,95,0,0
3,0,0,5454804,2248,2008284,0,0,492,64,11831,16281,2,4,94,0,0
0,0,0,5458424,2248,2008260,0,0,0,32,7171,12439,2,3,96,0,0
0,0,0,5458864,2248,2008308,0,0,60,28,8135,13330,3,3,94,0,0
1,0,0,5458856,2248,2008296,0,0,0,0,8679,12783,1,3,96,0,0
2,0,0,5458312,2256,2008736,0,0,504,44,10278,17515,1,3,96,0,0
1,0,0,5458532,2256,2008700,0,0,0,32,9272,13683,2,3,95,0,0
4,0,0,5456996,2256,2008720,0,0,0,52,7322,12947,2,3,95,0,0
0,0,0,5457296,2256,2008908,0,0,256,12,9416,14024,2,3,95,0,0
1,0,0,5457224,2264,2008972,0,0,0,44,8957,14636,2,3,96,0,0
1,0,0,5457208,2264,2008924,0,0,64,0,9370,14089,1,3,95,0,0
2,0,0,5456208,2564,2010352,0,0,1716,28,9126,12826,2,3,95,0,0
1,0,0,5456168,2564,2010412,0,0,24,32,8543,12807,2,2,96,0,0
0,0,0,5456112,2564,2010472,0,0,128,28,12771,17205,4,5,91,0,0
0,0,0,5455088,2564,2010572,0,0,56,0,10276,13771,2,3,94,0,0
1,0,0,4666848,2580,2010520,0,0,0,56,14545,19143,2,8,90,0,0
1,0,0,1346400,2580,2010484,0,0,0,28,16607,22313,5,22,72,0,0
1,0,0,126860,2484,1040228,0,0,10160,88,15298,18949,4,20,76,0,0
0,0,0,122964,2488,1044300,0,0,2784,0,12594,17685,2,2,96,0,0
1,1,0,121224,2488,1045152,0,0,13408,24,10873,14160,2,3,94,0,0
0,0,0,115200,2768,1051716,0,0,2556,0,10129,14588,2,4,94,0,0
0,0,0,121748,2752,1046016,0,0,6584,28,9796,13898,1,3,96,0,0
1,0,0,120740,2680,1047040,0,0,2472,44,10369,14362,1,4,95,0,0
0,0,0,126472,2636,1040372,0,0,3728,48,7992,14323,1,2,96,0,0
0,0,0,122908,2756,1041308,0,0,2092,0,9554,16676,3,4,93,0,0
0,0,0,125908,2616,1038772,0,0,5760,24,12878,16995,2,4,95,0,0
0,0,0,116080,2616,1048344,0,0,512,28,8376,13143,1,2,96,0,0
1,0,0,124396,2476,1039540,0,0,4564,76,7599,12182,1,2,96,0,0
0,0,0,126832,2368,1035804,0,0,768,12,10381,16887,2,2,95,0,0
0,0,0,130920,1992,1033344,0,0,1628,24,11230,16873,1,3,96,0,0
2,0,0,140700,1944,1022424,0,0,708,0,14543,20054,2,4,95,0,0
0,0,0,125328,1944,1039076,0,0,5784,28,10069,13620,1,3,96,0,0
1,0,0,121296,1948,1042636,0,0,4620,56,11409,15633,1,3,96,0,0
2,0,0,123532,1940,1040544,0,0,10828,28,14055,18680,2,4,94,0,0
0,0,0,119004,1936,1044944,0,0,780,0,14185,19114,1,3,96,0,0
0,0,0,124792,2264,1037724,0,0,4192,24,12383,17392,3,5,92,1,0
0,0,0,124996,2308,1037752,0,0,23016,28,12508,17302,2,4,93,1,0
0,0,0,135032,2248,1026780,0,0,4624,76,8827,13267,2,2,96,0,0
0,0,0,124448,2256,1038260,0,0,4516,12,7165,11576,3,2,95,0,0
0,0,0,138088,2180,1024860,0,0,960,24,9677,13237,1,2,96,0,0
0,0,0,130528,2180,1033836,0,0,112,0,8811,13786,2,3,95,0,0
0,0,0,118432,2188,1047996,0,0,4288,48,8872,12031,2,3,95,0,0
0,0,0,121708,1952,1044976,0,0,10644,32,10758,14329,2,4,95,0,0
0,0,0,132544,1884,1033704,0,0,2268,28,11875,15997,2,3,96,0,0
3,0,0,121172,1888,1045760,0,0,380,0,10927,14011,1,4,95,0,0
1,0,0,159636,1520,1005540,0,0,3972,24,12071,15563,1,4,95,0,0
1,0,0,140736,2372,1022984,0,0,3300,48,13980,19552,3,6,91,0,0
1,0,0,123380,2508,1040284,0,0,4420,36,12489,17307,2,4,94,0,0
1,0,0,123380,2480,1040160,0,0,4244,12,8128,10743,3,3,94,0,0
1,0,0,128388,2428,1037380,0,0,3788,24,11636,19031,1,3,96,0,0
0,0,0,124600,2444,1038980,0,0,344,0,11008,17358,2,2,96,0,0
2,0,0,133176,2368,1030220,0,0,6224,68,11947,16264,2,4,94,0,0
2,0,0,128868,2356,1035196,0,0,9040,32,10406,13644,2,4,94,0,0
0,0,0,134940,2352,1029328,0,0,2788,28,11726,16079,2,3,95,0,0
2,0,0,141988,2148,1023388,0,0,10384,0,12118,18675,2,3,95,0,0
1,0,0,128380,2160,1037692,0,0,2052,44,12252,15385,2,3,95,0,0
0,0,0,131396,1964,1034028,0,0,6732,28,12913,17167,1,2,96,0,0
0,0,0,123576,2228,1042568,0,0,2492,64,12824,19047,3,4,93,0,0
3,0,0,136184,2256,1028484,0,0,1624,0,11256,16420,2,4,93,0,0
1,0,0,128176,2260,1035576,0,0,5612,44,11441,17586,2,4,94,0,0
1,0,0,129372,2188,1034788,0,0,11416,0,10313,14135,2,4,94,0,0
0,0,0,127608,2176,1037396,0,0,5796,28,10800,14922,1,3,95,0,0
1,0,0,130664,2028,1034188,0,0,14748,36,7690,11499,2,3,95,0,0
3,0,0,117812,2024,1045944,0,0,6120,28,7492,11468,1,3,96,0,0
1,0,0,132760,1928,1031228,0,0,5792,0,10505,13957,2,3,95,0,0
0,0,0,145172,1752,1018172,0,0,1632,64,10448,18210,1,2,96,0,0
2,0,0,135596,1752,1029376,0,0,4096,28,6613,10316,1,3,95,0,0
1,0,0,123736,1780,1041552,0,0,2504,32,8673,11743,1,3,95,0,0
0,0,0,149892,2132,1014056,0,0,3180,60,14759,21540,4,5,91,0,0
2,0,0,129968,2288,1035948,0,0,8608,24,13302,18698,3,4,93,0,0
1,0,0,119604,2288,1046048,0,0,116,0,10364,14254,2,3,95,0,0
0,0,0,123800,2244,1040860,0,0,7440,32,10422,15118,1,3,96,0,0
0,0,0,126652,2348,1036276,0,0,8344,32,9564,16666,2,2,96,0,0
2,0,0,130116,2312,1033636,0,0,6880,64,10112,19831,2,3,95,0,0
0,0,0,127280,2292,1036824,0,0,3360,0,7314,15434,1,2,96,0,0
1,0,0,118272,2296,1045008,0,0,376,24,7842,11679,2,2,96,0,0
0,0,0,128044,2184,1037520,0,0,12892,0,11073,17265,1,4,95,0,0
1,0,0,131816,2176,1032644,0,0,2476,84,7939,11810,1,2,97,0,0
0,0,0,120176,2176,1047368,0,0,932,40,11176,16524,2,3,95,0,0
1,0,0,134240,2208,1030728,0,0,2284,24,12899,19080,3,5,92,0,0
2,0,0,119972,2340,1045792,0,0,3220,0,12295,16995,2,3,94,0,0
0,0,0,145268,2112,1020684,0,0,6552,28,10554,17216,1,3,95,1,0
1,0,0,135440,1940,1030404,0,0,15648,56,12350,16294,2,4,94,0,0
1,0,0,118476,2028,1047884,0,0,8272,28,9025,13471,1,2,97,0,0
1,0,0,135816,1492,1030136,0,0,13584,0,13298,17431,2,2,95,1,0
0,0,0,127468,1492,1038856,0,0,648,24,8329,12464,2,3,95,0,0
3,0,0,118144,1492,1049040,0,0,1536,0,7269,10595,1,3,96,0,0
0,0,0,128444,1468,1037872,0,0,668,88,8913,16097,2,3,95,0,0
0,0,0,128208,1464,1039188,0,0,3112,44,11011,17867,1,3,96,0,0
0,0,0,134784,1188,1031940,0,0,1520,28,10639,14897,2,4,94,0,0
1,0,0,139688,2172,1023696,0,0,3196,0,10364,17453,3,5,92,0,0
0,0,0,128964,2308,1034316,0,0,2016,48,9421,14577,2,4,94,0,0
0,0,0,147100,2276,1015800,0,0,564,32,11647,15488,1,4,95,0,0
1,0,0,130588,2276,1033868,0,0,6548,28,9547,14021,2,3,94,0,0
0,0,0,150748,2172,1013212,0,0,736,0,11147,15574,1,3,96,0,0
0,0,0,135628,2176,1028936,0,0,6088,8,8141,13051,2,2,96,0,0
0,0,0,133864,2000,1029112,0,0,25572,20,11856,17278,1,4,94,1,0
1,0,0,137612,1788,1025588,0,0,4676,64,13837,18572,2,4,94,0,0
0,0,0,123736,1808,1041592,0,0,3316,32,12508,16844,2,3,95,0,0
2,0,0,126728,1840,1037212,0,0,12732,32,7650,11674,3,3,94,1,0
0,0,0,130792,1980,1034952,0,0,6568,148,12736,19262,3,4,92,1,0
3,0,0,131944,2120,1032952,0,0,10404,0,13348,22230,3,5,92,1,0
2,0,0,127676,2256,1037180,0,0,19368,68,9710,15391,2,4,93,1,0
0,0,0,132860,2140,1032468,0,0,6776,0,12468,15689,2,4,94,0,0
0,0,0,136640,2100,1028744,0,0,2036,24,11877,16673,2,3,96,0,0
0,0,0,127008,2108,1039172,0,0,1644,16,8530,12165,1,2,96,0,0
1,0,0,120504,2116,1045984,0,0,980,48,6349,9619,2,2,96,0,0
1,0,0,140060,2000,1026216,0,0,10168,24,7313,11281,1,2,96,1,0
0,0,0,124176,2000,1042520,0,0,2668,36,13652,17596,1,4,95,0,0
0,0,0,144660,1936,1020980,0,0,1492,24,8884,12285,1,2,96,0,0
0,0,0,135084,2072,1030864,0,0,2536,48,8524,14056,2,3,94,0,0
0,0,0,127776,2072,1038920,0,0,1720,0,6613,10195,1,2,96,0,0
1,0,0,6422200,2264,1044604,0,0,12940,60,11900,16199,4,9,87,0,0
1,0,0,6402504,2324,1064736,0,0,6752,0,13272,18248,2,4,94,0,0
0,0,0,6379784,2332,1087472,0,0,13232,44,9088,13220,2,2,95,1,0
0,0,0,6369568,2336,1096476,0,0,972,0,8019,11931,2,2,96,0,0
0,0,0,6352984,2336,1114156,0,0,7940,28,8647,13941,2,3,95,0,0
0,0,0,6334304,2336,1132616,0,0,4776,24,10963,16571,2,3,95,0,0
1,0,0,6323232,2336,1143972,0,0,328,36,10009,13362,1,2,96,0,0
0,0,0,6307356,2352,1159640,0,0,700,56,13875,17689,1,3,96,0,0
2,0,0,6286928,2364,1179016,0,0,9332,80,11024,15815,2,4,94,0,0
0,0,0,6273508,2376,1193040,0,0,1064,0,11538,16661,1,2,97,0,0
1,0,0,6257608,2384,1208804,0,0,628,92,12027,19113,2,2,96,0,0
0,0,0,6247748,2384,1215448,0,0,0,0,7899,13016,2,4,94,0,0
0,0,0,6238928,2384,1225680,0,0,3040,32,8283,13883,2,3,95,0,0
0,0,0,6229020,2388,1234676,0,0,448,0,7598,12188,1,3,96,0,0
0,0,0,6212412,2396,1252452,0,0,1680,44,12921,19301,2,3,95,0,0
0,0,0,6195780,2416,1269100,0,0,472,28,8445,16760,1,1,98,0,0
0,0,0,6186228,2416,1279004,0,0,512,44,7891,12714,2,3,95,0,0
0,0,0,6177052,2416,1288608,0,0,248,28,7601,12559,2,2,97,0,0
0,0,0,6166452,2424,1299784,0,0,0,44,12077,17048,2,4,93,0,0
0,0,0,6153064,2424,1313300,0,0,1504,0,11599,14682,1,3,97,0,0
0,0,0,6136912,2424,1330100,0,0,3024,72,10979,17528,2,3,95,0,0
0,0,0,6128508,2428,1337368,0,0,4,0,6265,10260,1,2,97,0,0
0,0,0,6117260,2428,1347224,0,0,1848,28,8625,14367,3,4,93,0,0
0,0,0,6109356,2428,1355016,0,0,380,0,8044,13246,2,3,95,0,0
0,0,0,6096984,2448,1368704,0,0,1092,56,11633,15090,2,2,95,0,0
0,0,0,6072012,2448,1394488,0,0,11736,28,12054,17913,2,3,94,0,0
1,0,0,6058672,2448,1406780,0,0,288,44,11971,16539,2,3,96,0,0
0,0,0,6044764,2448,1420648,0,0,0,4,9977,17112,1,1,98,0,0
0,0,0,6032352,2456,1432388,0,0,512,68,10829,16412,2,3,95,0,0
0,0,0,6024760,2456,1441084,0,0,664,0,8173,12187,2,2,96,0,0
0,0,0,6009136,2456,1457740,0,0,884,64,12426,19089,2,3,95,0,0
0,0,0,5993212,2456,1473372,0,0,328,0,11058,17197,2,2,96,0,0
0,0,0,5985140,2464,1481892,0,0,520,48,7429,11467,2,2,96,0,0
6,0,0,5968112,2464,1495828,0,0,120,0,14025,18722,2,4,93,0,0
3,0,0,5957608,2464,1507748,0,0,48,24,11526,15025,1,3,96,0,0
1,0,0,5949016,2464,1515592,0,0,116,0,8172,12887,2,3,95,0,0
3,0,0,5936092,2472,1527992,0,0,488,68,12111,16152,2,2,96,0,0
0,0,0,5926240,2472,1537800,0,0,0,0,7258,12508,2,2,96,0,0
0,0,0,5914024,2472,1549456,0,0,80,32,10055,14937,2,3,95,0,0
0,0,0,5901024,2472,1563496,0,0,656,0,12497,15806,2,3,95,0,0
0,0,0,5884856,2472,1579712,0,0,0,60,14145,19145,2,3,95,0,0
0,0,0,5872468,2472,1591108,0,0,332,0,8287,13177,1,3,96,0,0
0,0,0,5858560,2488,1604856,0,0,140,56,10608,17529,2,2,96,0,0
1,0,0,5845384,2488,1617996,0,0,148,0,9410,15031,1,2,96,0,0
0,0,0,5833792,2488,1630980,0,0,1056,28,10362,12635,2,3,94,0,0
1,0,0,5818712,2488,1643796,0,0,256,0,11775,16049,3,4,92,0,0
0,0,0,5822184,2504,1654884,0,0,1456,88,10024,16209,3,4,93,0,0
0,0,0,5821980,2504,1654884,0,0,0,0,3155,3925,2,2,97,0,0
0,0,0,5822232,2504,1654884,0,0,0,32,4070,5489,2,2,95,0,0
1,0,0,5821980,2504,1654948,0,0,64,0,3556,4780,2,2,96,0,0
0,0,0,5821996,2512,1655204,0,0,252,76,3965,5467,2,2,96,0,0
0,0,0,5822988,2512,1655204,0,0,0,0,3331,4113,2,2,97,0,0
